#-----------------------------------------------------------
# Vivado v2022.1 (64-bit)
# SW Build 3526262 on Mon Apr 18 15:47:01 MDT 2022
# IP Build 3524634 on Mon Apr 18 20:55:01 MDT 2022
# Start of session at: Fri Dec  2 17:20:51 2022
# Process ID: 221288
# Current directory: /media/koops/VIVADO/huah_cubed
# Command line: vivado -source build.tcl
# Log file: /media/koops/VIVADO/huah_cubed/vivado.log
# Journal file: /media/koops/VIVADO/huah_cubed/vivado.jou
# Running On: koops, OS: Linux, CPU Frequency: 1900.001 MHz, CPU Physical cores: 4, Host memory: 16698 MB
#-----------------------------------------------------------
start_gui
source build.tcl
# set_param general.maxThreads 16
# set partNum xc7a100tcsg324-1
# set outputDir output_files
# set verbose 0
# if { $argc > 0 } {
# 	if { $argc == 1 && [string compare [ lindex $argv 0 ] "-d"] == 0 } {
# 		set verbose 1
# 	} else {
# 		puts "usage: $argv0 \[-d\]"
# 		exit 1
# 	}
# }
# file mkdir $outputDir
# set files [glob -nocomplain "$outputDir/*"]
# if {[llength $files] != 0} {
#     file delete -force {*}[glob -directory $outputDir *];
# }
# read_verilog -sv [ glob ./src/*.{sv,v,svh,vh} ]
WARNING: [Board 49-26] cannot add Board Part xilinx.com:kc705:part0:1.6 available at /media/koops/VIVADO/Vivado/2022.1/data/xhub/boards/XilinxBoardStore/boards/Xilinx/kc705/1.6/board.xml as part xc7k325tffg900-2 specified in board_part file is either invalid or not available
WARNING: [Board 49-26] cannot add Board Part xilinx.com:kcu105:part0:1.6 available at /media/koops/VIVADO/Vivado/2022.1/data/xhub/boards/XilinxBoardStore/boards/Xilinx/kcu105/1.6/board.xml as part xcku040-ffva1156-2-e specified in board_part file is either invalid or not available
WARNING: [Board 49-26] cannot add Board Part xilinx.com:kcu105:part0:1.7 available at /media/koops/VIVADO/Vivado/2022.1/data/xhub/boards/XilinxBoardStore/boards/Xilinx/kcu105/1.7/board.xml as part xcku040-ffva1156-2-e specified in board_part file is either invalid or not available
WARNING: [Board 49-26] cannot add Board Part xilinx.com:kcu1500:part0:1.2 available at /media/koops/VIVADO/Vivado/2022.1/data/xhub/boards/XilinxBoardStore/boards/Xilinx/kcu1500/1.2/board.xml as part xcku115-flvb2104-2-e specified in board_part file is either invalid or not available
WARNING: [Board 49-26] cannot add Board Part xilinx.com:vc707:part0:1.4 available at /media/koops/VIVADO/Vivado/2022.1/data/xhub/boards/XilinxBoardStore/boards/Xilinx/vc707/1.4/board.xml as part xc7vx485tffg1761-2 specified in board_part file is either invalid or not available
WARNING: [Board 49-26] cannot add Board Part xilinx.com:vc709:part0:1.8 available at /media/koops/VIVADO/Vivado/2022.1/data/xhub/boards/XilinxBoardStore/boards/Xilinx/vc709/1.8/board.xml as part xc7vx690tffg1761-2 specified in board_part file is either invalid or not available
WARNING: [Board 49-26] cannot add Board Part xilinx.com:vck190:part0:2.2 available at /media/koops/VIVADO/Vivado/2022.1/data/xhub/boards/XilinxBoardStore/boards/Xilinx/vck190/production/2.2/board.xml as part xcvc1902-vsva2197-2mp-e-s specified in board_part file is either invalid or not available
WARNING: [Board 49-26] cannot add Board Part xilinx.com:vck190:part0:3.0 available at /media/koops/VIVADO/Vivado/2022.1/data/xhub/boards/XilinxBoardStore/boards/Xilinx/vck190/production/3.0/board.xml as part xcvc1902-vsva2197-2mp-e-s specified in board_part file is either invalid or not available
WARNING: [Board 49-26] cannot add Board Part xilinx.com:vck190_newl:part0:1.0 available at /media/koops/VIVADO/Vivado/2022.1/data/xhub/boards/XilinxBoardStore/boards/Xilinx/vck190_newl/production/1.0/board.xml as part xcvc1902-vsva2197-2mp-e-s specified in board_part file is either invalid or not available
WARNING: [Board 49-26] cannot add Board Part xilinx.com:vcu108:part0:1.6 available at /media/koops/VIVADO/Vivado/2022.1/data/xhub/boards/XilinxBoardStore/boards/Xilinx/vcu108/1.6/board.xml as part xcvu095-ffva2104-2-e specified in board_part file is either invalid or not available
WARNING: [Board 49-26] cannot add Board Part xilinx.com:vcu108:part0:1.7 available at /media/koops/VIVADO/Vivado/2022.1/data/xhub/boards/XilinxBoardStore/boards/Xilinx/vcu108/1.7/board.xml as part xcvu095-ffva2104-2-e specified in board_part file is either invalid or not available
WARNING: [Board 49-26] cannot add Board Part xilinx.com:vcu110:part0:1.4 available at /media/koops/VIVADO/Vivado/2022.1/data/xhub/boards/XilinxBoardStore/boards/Xilinx/vcu110/1.4/board.xml as part xcvu190-flgc2104-2-e specified in board_part file is either invalid or not available
WARNING: [Board 49-26] cannot add Board Part xilinx.com:vcu118:part0:2.0 available at /media/koops/VIVADO/Vivado/2022.1/data/xhub/boards/XilinxBoardStore/boards/Xilinx/vcu118/2.0/board.xml as part xcvu9p-flga2104-2l-e specified in board_part file is either invalid or not available
WARNING: [Board 49-26] cannot add Board Part xilinx.com:vcu118:part0:2.3 available at /media/koops/VIVADO/Vivado/2022.1/data/xhub/boards/XilinxBoardStore/boards/Xilinx/vcu118/2.3/board.xml as part xcvu9p-flga2104-2l-e specified in board_part file is either invalid or not available
WARNING: [Board 49-26] cannot add Board Part xilinx.com:vcu118:part0:2.4 available at /media/koops/VIVADO/Vivado/2022.1/data/xhub/boards/XilinxBoardStore/boards/Xilinx/vcu118/2.4/board.xml as part xcvu9p-flga2104-2l-e specified in board_part file is either invalid or not available
WARNING: [Board 49-26] cannot add Board Part xilinx.com:vcu128:part0:1.0 available at /media/koops/VIVADO/Vivado/2022.1/data/xhub/boards/XilinxBoardStore/boards/Xilinx/vcu128/production/1.0/board.xml as part xcvu37p-fsvh2892-2l-e specified in board_part file is either invalid or not available
WARNING: [Board 49-26] cannot add Board Part xilinx.com:vcu129:part0:1.0 available at /media/koops/VIVADO/Vivado/2022.1/data/xhub/boards/XilinxBoardStore/boards/Xilinx/vcu129/production/1.0/board.xml as part xcvu29p-fsga2577-2l-e specified in board_part file is either invalid or not available
WARNING: [Board 49-26] cannot add Board Part xilinx.com:vcu1525:part0:1.3 available at /media/koops/VIVADO/Vivado/2022.1/data/xhub/boards/XilinxBoardStore/boards/Xilinx/vcu1525/1.3/board.xml as part xcvu9p-fsgd2104-2l-e specified in board_part file is either invalid or not available
WARNING: [Board 49-26] cannot add Board Part xilinx.com:vermeo_t1_mpsoc:part0:1.0 available at /media/koops/VIVADO/Vivado/2022.1/data/xhub/boards/XilinxBoardStore/boards/Xilinx/vermeo_t1_mpsoc/1.0/board.xml as part xczu19eg-ffvd1760-2l-e specified in board_part file is either invalid or not available
WARNING: [Board 49-26] cannot add Board Part xilinx.com:vermeo_t1_rfsoc:part0:1.0 available at /media/koops/VIVADO/Vivado/2022.1/data/xhub/boards/XilinxBoardStore/boards/Xilinx/vermeo_t1_rfsoc/1.0/board.xml as part xczu21dr-ffvd1156-2l-e specified in board_part file is either invalid or not available
WARNING: [Board 49-26] cannot add Board Part xilinx.com:vmk180:part0:2.2 available at /media/koops/VIVADO/Vivado/2022.1/data/xhub/boards/XilinxBoardStore/boards/Xilinx/vmk180/production/2.2/board.xml as part xcvm1802-vsva2197-2mp-e-s specified in board_part file is either invalid or not available
WARNING: [Board 49-26] cannot add Board Part xilinx.com:vmk180:part0:3.0 available at /media/koops/VIVADO/Vivado/2022.1/data/xhub/boards/XilinxBoardStore/boards/Xilinx/vmk180/production/3.0/board.xml as part xcvm1802-vsva2197-2mp-e-s specified in board_part file is either invalid or not available
WARNING: [Board 49-26] cannot add Board Part xilinx.com:vmk180_newl:part0:1.0 available at /media/koops/VIVADO/Vivado/2022.1/data/xhub/boards/XilinxBoardStore/boards/Xilinx/vmk180_newl/production/1.0/board.xml as part xcvm1802-vsva2197-2mp-e-s specified in board_part file is either invalid or not available
WARNING: [Board 49-26] cannot add Board Part xilinx.com:vpk120_es:part0:1.2 available at /media/koops/VIVADO/Vivado/2022.1/data/xhub/boards/XilinxBoardStore/boards/Xilinx/vpk120/es/1.2/board.xml as part xcvp1202-vsva2785-2mp-e-s-es1 specified in board_part file is either invalid or not available
WARNING: [Board 49-26] cannot add Board Part xilinx.com:vpk120_es_revb:part0:1.0 available at /media/koops/VIVADO/Vivado/2022.1/data/xhub/boards/XilinxBoardStore/boards/Xilinx/vpk120_revb/es/1.0/board.xml as part xcvp1202-vsva2785-2mp-e-s-es1 specified in board_part file is either invalid or not available
WARNING: [Board 49-26] cannot add Board Part xilinx.com:zc706:part0:1.4 available at /media/koops/VIVADO/Vivado/2022.1/data/xhub/boards/XilinxBoardStore/boards/Xilinx/zc706/1.4/board.xml as part xc7z045ffg900-2 specified in board_part file is either invalid or not available
WARNING: [Board 49-26] cannot add Board Part xilinx.com:zcu102:part0:3.3 available at /media/koops/VIVADO/Vivado/2022.1/data/xhub/boards/XilinxBoardStore/boards/Xilinx/zcu102/3.3/board.xml as part xczu9eg-ffvb1156-2-e specified in board_part file is either invalid or not available
WARNING: [Board 49-26] cannot add Board Part xilinx.com:zcu102:part0:3.4 available at /media/koops/VIVADO/Vivado/2022.1/data/xhub/boards/XilinxBoardStore/boards/Xilinx/zcu102/3.4/board.xml as part xczu9eg-ffvb1156-2-e specified in board_part file is either invalid or not available
WARNING: [Board 49-26] cannot add Board Part xilinx.com:zcu111:part0:1.2 available at /media/koops/VIVADO/Vivado/2022.1/data/xhub/boards/XilinxBoardStore/boards/Xilinx/zcu111/1.2/board.xml as part xczu28dr-ffvg1517-2-e specified in board_part file is either invalid or not available
WARNING: [Board 49-26] cannot add Board Part xilinx.com:zcu111:part0:1.3 available at /media/koops/VIVADO/Vivado/2022.1/data/xhub/boards/XilinxBoardStore/boards/Xilinx/zcu111/1.3/board.xml as part xczu28dr-ffvg1517-2-e specified in board_part file is either invalid or not available
WARNING: [Board 49-26] cannot add Board Part xilinx.com:zcu111:part0:1.4 available at /media/koops/VIVADO/Vivado/2022.1/data/xhub/boards/XilinxBoardStore/boards/Xilinx/zcu111/1.4/board.xml as part xczu28dr-ffvg1517-2-e specified in board_part file is either invalid or not available
WARNING: [Board 49-26] cannot add Board Part xilinx.com:zcu1275:part0:1.0 available at /media/koops/VIVADO/Vivado/2022.1/data/xhub/boards/XilinxBoardStore/boards/Xilinx/zcu1275/1.0/board.xml as part xczu29dr-ffvf1760-2-e specified in board_part file is either invalid or not available
WARNING: [Board 49-26] cannot add Board Part xilinx.com:zcu1285:part0:1.0 available at /media/koops/VIVADO/Vivado/2022.1/data/xhub/boards/XilinxBoardStore/boards/Xilinx/zcu1285/1.0/board.xml as part xczu39dr-ffvf1760-2-i specified in board_part file is either invalid or not available
WARNING: [Board 49-26] cannot add Board Part xilinx.com:zcu208:part0:2.0 available at /media/koops/VIVADO/Vivado/2022.1/data/xhub/boards/XilinxBoardStore/boards/Xilinx/zcu208/production/2.0/board.xml as part xczu48dr-fsvg1517-2-e specified in board_part file is either invalid or not available
WARNING: [Board 49-26] cannot add Board Part xilinx.com:zcu208ld:part0:2.0 available at /media/koops/VIVADO/Vivado/2022.1/data/xhub/boards/XilinxBoardStore/boards/Xilinx/zcu208ld/production/2.0/board.xml as part xczu58dr-fsvg1517-2-i specified in board_part file is either invalid or not available
WARNING: [Board 49-26] cannot add Board Part xilinx.com:zcu216:part0:2.0 available at /media/koops/VIVADO/Vivado/2022.1/data/xhub/boards/XilinxBoardStore/boards/Xilinx/zcu216/production/2.0/board.xml as part xczu49dr-ffvf1760-2-e specified in board_part file is either invalid or not available
WARNING: [Board 49-26] cannot add Board Part xilinx.com:zcu216ld:part0:2.0 available at /media/koops/VIVADO/Vivado/2022.1/data/xhub/boards/XilinxBoardStore/boards/Xilinx/zcu216ld/production/2.0/board.xml as part xczu59dr-ffvf1760-2-i specified in board_part file is either invalid or not available
WARNING: [Board 49-26] cannot add Board Part xilinx.com:zcu670:part0:2.0 available at /media/koops/VIVADO/Vivado/2022.1/data/xhub/boards/XilinxBoardStore/boards/Xilinx/zcu670/2.0/board.xml as part xczu67dr-fsve1156-2-i specified in board_part file is either invalid or not available
WARNING: [Board 49-26] cannot add Board Part xilinx.com:zcu670ld:part0:1.0 available at /media/koops/VIVADO/Vivado/2022.1/data/xhub/boards/XilinxBoardStore/boards/Xilinx/zcu670ld/1.0/board.xml as part xczu57dr-fsve1156-2-i specified in board_part file is either invalid or not available
INFO: [IP_Flow 19-234] Refreshing IP repositories
INFO: [IP_Flow 19-1704] No user IP repositories specified
INFO: [IP_Flow 19-2313] Loaded Vivado IP repository '/media/koops/VIVADO/Vivado/2022.1/data/ip'.
read_verilog: Time (s): cpu = 00:00:18 ; elapsed = 00:00:07 . Memory (MB): peak = 7639.379 ; gain = 39.070 ; free physical = 6783 ; free virtual = 10725
# read_xdc ./xdc/top_level.xdc
# set_part $partNum
INFO: [Coretcl 2-1500] The part has been set to 'xc7a100tcsg324-1' for the current project only. Run set_part -help for more details. To evaluate different speed grades in the current design, use the set_speed_grade command, or use the open_checkpoint -part command to change the part used by an existing checkpoint design.
# synth_design -top top_level -part $partNum -verbose
Command: synth_design -top top_level -part xc7a100tcsg324-1 -verbose
Starting synth_design
Attempting to get a license for feature 'Synthesis' and/or device 'xc7a100t'
INFO: [Common 17-349] Got license for feature 'Synthesis' and/or device 'xc7a100t'
INFO: [Device 21-403] Loading part xc7a100tcsg324-1
INFO: [Synth 8-7079] Multithreading enabled for synth_design using a maximum of 4 processes.
INFO: [Synth 8-7078] Launching helper process for spawning children vivado processes
INFO: [Synth 8-7075] Helper process launched with PID 221568
---------------------------------------------------------------------------------
Starting RTL Elaboration : Time (s): cpu = 00:00:04 ; elapsed = 00:00:05 . Memory (MB): peak = 7639.402 ; gain = 0.000 ; free physical = 4991 ; free virtual = 8960
---------------------------------------------------------------------------------
INFO: [Synth 8-6157] synthesizing module 'top_level' [/media/koops/VIVADO/huah_cubed/src/top_level.sv:4]
INFO: [Synth 8-6157] synthesizing module 'clk_wiz_lab3' [/media/koops/VIVADO/huah_cubed/src/clk_wiz_lab3.v:67]
INFO: [Synth 8-6157] synthesizing module 'IBUF' [/media/koops/VIVADO/Vivado/2022.1/scripts/rt/data/unisim_comp.v:55203]
INFO: [Synth 8-6155] done synthesizing module 'IBUF' (0#1) [/media/koops/VIVADO/Vivado/2022.1/scripts/rt/data/unisim_comp.v:55203]
INFO: [Synth 8-6157] synthesizing module 'MMCME2_ADV' [/media/koops/VIVADO/Vivado/2022.1/scripts/rt/data/unisim_comp.v:63509]
	Parameter BANDWIDTH bound to: OPTIMIZED - type: string 
	Parameter CLKFBOUT_MULT_F bound to: 50.375000 - type: double 
	Parameter CLKFBOUT_PHASE bound to: 0.000000 - type: double 
	Parameter CLKFBOUT_USE_FINE_PS bound to: FALSE - type: string 
	Parameter CLKIN1_PERIOD bound to: 10.000000 - type: double 
	Parameter CLKOUT0_DIVIDE_F bound to: 15.500000 - type: double 
	Parameter CLKOUT0_DUTY_CYCLE bound to: 0.500000 - type: double 
	Parameter CLKOUT0_PHASE bound to: 0.000000 - type: double 
	Parameter CLKOUT0_USE_FINE_PS bound to: FALSE - type: string 
	Parameter CLKOUT4_CASCADE bound to: FALSE - type: string 
	Parameter COMPENSATION bound to: ZHOLD - type: string 
	Parameter DIVCLK_DIVIDE bound to: 5 - type: integer 
	Parameter STARTUP_WAIT bound to: FALSE - type: string 
INFO: [Synth 8-6155] done synthesizing module 'MMCME2_ADV' (0#1) [/media/koops/VIVADO/Vivado/2022.1/scripts/rt/data/unisim_comp.v:63509]
INFO: [Synth 8-6157] synthesizing module 'BUFG' [/media/koops/VIVADO/Vivado/2022.1/scripts/rt/data/unisim_comp.v:1082]
INFO: [Synth 8-6155] done synthesizing module 'BUFG' (0#1) [/media/koops/VIVADO/Vivado/2022.1/scripts/rt/data/unisim_comp.v:1082]
INFO: [Synth 8-6155] done synthesizing module 'clk_wiz_lab3' (0#1) [/media/koops/VIVADO/huah_cubed/src/clk_wiz_lab3.v:67]
INFO: [Synth 8-6157] synthesizing module 'vga' [/media/koops/VIVADO/huah_cubed/src/vga.sv:18]
INFO: [Synth 8-6155] done synthesizing module 'vga' (0#1) [/media/koops/VIVADO/huah_cubed/src/vga.sv:18]
INFO: [Synth 8-6157] synthesizing module 'hand_controller' [/media/koops/VIVADO/huah_cubed/src/hand_controller.sv:10]
INFO: [Synth 8-6155] done synthesizing module 'hand_controller' (0#1) [/media/koops/VIVADO/huah_cubed/src/hand_controller.sv:10]
INFO: [Synth 8-6157] synthesizing module 'game_logic_and_renderer' [/media/koops/VIVADO/huah_cubed/src/game_logic_and_renderer.sv:23]
INFO: [Synth 8-6157] synthesizing module 'game_state' [/media/koops/VIVADO/huah_cubed/src/game_state.sv:4]
INFO: [Synth 8-6155] done synthesizing module 'game_state' (0#1) [/media/koops/VIVADO/huah_cubed/src/game_state.sv:4]
INFO: [Synth 8-6157] synthesizing module 'block_loader' [/media/koops/VIVADO/huah_cubed/src/block_loader.sv:12]
INFO: [Synth 8-6157] synthesizing module 'xilinx_single_port_ram_read_first' [/media/koops/VIVADO/huah_cubed/src/xilinx_single_port_ram_read_first.v:12]
	Parameter RAM_WIDTH bound to: 48 - type: integer 
	Parameter RAM_DEPTH bound to: 257 - type: integer 
	Parameter INIT_FILE bound to: out.mem - type: string 
CRITICAL WARNING: [Synth 8-4445] could not open $readmem data file 'out.mem'; please make sure the file is added to project and has read permission, ignoring [/media/koops/VIVADO/huah_cubed/src/xilinx_single_port_ram_read_first.v:35]
INFO: [Synth 8-6155] done synthesizing module 'xilinx_single_port_ram_read_first' (0#1) [/media/koops/VIVADO/huah_cubed/src/xilinx_single_port_ram_read_first.v:12]
INFO: [Synth 8-6155] done synthesizing module 'block_loader' (0#1) [/media/koops/VIVADO/huah_cubed/src/block_loader.sv:12]
INFO: [Synth 8-6157] synthesizing module 'block_positions' [/media/koops/VIVADO/huah_cubed/src/block_positions.sv:11]
INFO: [Synth 8-6155] done synthesizing module 'block_positions' (0#1) [/media/koops/VIVADO/huah_cubed/src/block_positions.sv:11]
INFO: [Synth 8-6157] synthesizing module 'three_dim_block_selector' [/media/koops/VIVADO/huah_cubed/src/three_dim_block_selector.sv:13]
INFO: [Synth 8-6157] synthesizing module 'get_intersecting_block' [/media/koops/VIVADO/huah_cubed/src/get_intersecting_block.sv:11]
INFO: [Synth 8-6157] synthesizing module 'does_ray_block_intersect' [/media/koops/VIVADO/huah_cubed/src/does_ray_block_intersect.sv:12]
ERROR: [Synth 8-439] module 'floating_point_sint32_to_float' not found [/media/koops/VIVADO/huah_cubed/src/does_ray_block_intersect.sv:42]
ERROR: [Synth 8-6156] failed synthesizing module 'does_ray_block_intersect' [/media/koops/VIVADO/huah_cubed/src/does_ray_block_intersect.sv:12]
ERROR: [Synth 8-196] conditional expression could not be resolved to a constant [/media/koops/VIVADO/huah_cubed/src/get_intersecting_block.sv:92]
ERROR: [Synth 8-6156] failed synthesizing module 'get_intersecting_block' [/media/koops/VIVADO/huah_cubed/src/get_intersecting_block.sv:11]
ERROR: [Synth 8-6156] failed synthesizing module 'three_dim_block_selector' [/media/koops/VIVADO/huah_cubed/src/three_dim_block_selector.sv:13]
ERROR: [Synth 8-6156] failed synthesizing module 'game_logic_and_renderer' [/media/koops/VIVADO/huah_cubed/src/game_logic_and_renderer.sv:23]
ERROR: [Synth 8-6156] failed synthesizing module 'top_level' [/media/koops/VIVADO/huah_cubed/src/top_level.sv:4]
---------------------------------------------------------------------------------
Finished RTL Elaboration : Time (s): cpu = 00:00:06 ; elapsed = 00:00:06 . Memory (MB): peak = 7639.402 ; gain = 0.000 ; free physical = 5930 ; free virtual = 9903
---------------------------------------------------------------------------------
RTL Elaboration failed
INFO: [Common 17-83] Releasing license: Synthesis
31 Infos, 0 Warnings, 1 Critical Warnings and 8 Errors encountered.
synth_design failed
ERROR: [Common 17-69] Command failed: Synthesis failed - please see the console or run log file for details
exit
INFO: [Common 17-206] Exiting Vivado at Fri Dec  2 17:21:59 2022...
