#-----------------------------------------------------------
# Vivado v2022.1 (64-bit)
# SW Build 3526262 on Mon Apr 18 15:47:01 MDT 2022
# IP Build 3524634 on Mon Apr 18 20:55:01 MDT 2022
# Start of session at: Fri Dec  2 16:10:49 2022
# Process ID: 176680
# Current directory: /media/koops/VIVADO/huah_cubed
# Command line: vivado -mode batch -source build.tcl
# Log file: /media/koops/VIVADO/huah_cubed/vivado.log
# Journal file: /media/koops/VIVADO/huah_cubed/vivado.jou
# Running On: koops, OS: Linux, CPU Frequency: 2799.660 MHz, CPU Physical cores: 4, Host memory: 16698 MB
#-----------------------------------------------------------
source build.tcl
# set_param general.maxThreads 16
# set partNum xc7a100tcsg324-1
# set outputDir output_files
# set verbose 0
# if { $argc > 0 } {
# 	if { $argc == 1 && [string compare [ lindex $argv 0 ] "-d"] == 0 } {
# 		set verbose 1
# 	} else {
# 		puts "usage: $argv0 \[-d\]"
# 		exit 1
# 	}
# }
# file mkdir $outputDir
# set files [glob -nocomplain "$outputDir/*"]
# if {[llength $files] != 0} {
#     file delete -force {*}[glob -directory $outputDir *];
# }
# read_verilog -sv [ glob ./src/*.{sv,v,svh,vh} ]
# read_xdc ./xdc/top_level.xdc
# set_part $partNum
INFO: [Coretcl 2-1500] The part has been set to 'xc7a100tcsg324-1' for the current project only. Run set_part -help for more details. To evaluate different speed grades in the current design, use the set_speed_grade command, or use the open_checkpoint -part command to change the part used by an existing checkpoint design.
# synth_design -top top_level -part $partNum -verbose
Command: synth_design -top top_level -part xc7a100tcsg324-1 -verbose
Starting synth_design
Attempting to get a license for feature 'Synthesis' and/or device 'xc7a100t'
INFO: [Common 17-349] Got license for feature 'Synthesis' and/or device 'xc7a100t'
INFO: [Device 21-403] Loading part xc7a100tcsg324-1
INFO: [Synth 8-7079] Multithreading enabled for synth_design using a maximum of 4 processes.
INFO: [Synth 8-7078] Launching helper process for spawning children vivado processes
INFO: [Synth 8-7075] Helper process launched with PID 176891
WARNING: [Synth 8-2820] unknown nettype branch ignored [/media/koops/VIVADO/huah_cubed/src/xilinx_single_port_ram_read_first.v:2]
ERROR: [Synth 8-6735] net type must be explicitly specified for 'addra' when default_nettype is none [/media/koops/VIVADO/huah_cubed/src/xilinx_single_port_ram_read_first.v:18]
ERROR: [Synth 8-6735] net type must be explicitly specified for 'dina' when default_nettype is none [/media/koops/VIVADO/huah_cubed/src/xilinx_single_port_ram_read_first.v:19]
ERROR: [Synth 8-6735] net type must be explicitly specified for 'clka' when default_nettype is none [/media/koops/VIVADO/huah_cubed/src/xilinx_single_port_ram_read_first.v:20]
ERROR: [Synth 8-6735] net type must be explicitly specified for 'wea' when default_nettype is none [/media/koops/VIVADO/huah_cubed/src/xilinx_single_port_ram_read_first.v:21]
ERROR: [Synth 8-6735] net type must be explicitly specified for 'ena' when default_nettype is none [/media/koops/VIVADO/huah_cubed/src/xilinx_single_port_ram_read_first.v:22]
ERROR: [Synth 8-6735] net type must be explicitly specified for 'rsta' when default_nettype is none [/media/koops/VIVADO/huah_cubed/src/xilinx_single_port_ram_read_first.v:23]
ERROR: [Synth 8-6735] net type must be explicitly specified for 'regcea' when default_nettype is none [/media/koops/VIVADO/huah_cubed/src/xilinx_single_port_ram_read_first.v:24]
ERROR: [Synth 8-6735] net type must be explicitly specified for 'douta' when default_nettype is none [/media/koops/VIVADO/huah_cubed/src/xilinx_single_port_ram_read_first.v:25]
INFO: [Synth 8-8750] module 'xilinx_single_port_ram_read_first' ignored due to previous errors [/media/koops/VIVADO/huah_cubed/src/xilinx_single_port_ram_read_first.v:82]
Failed to read verilog '/media/koops/VIVADO/huah_cubed/src/xilinx_single_port_ram_read_first.v'
INFO: [Common 17-83] Releasing license: Synthesis
7 Infos, 1 Warnings, 0 Critical Warnings and 9 Errors encountered.
synth_design failed
ERROR: [Common 17-69] Command failed: Synthesis failed - please see the console or run log file for details
INFO: [Common 17-206] Exiting Vivado at Fri Dec  2 16:11:12 2022...
