#-----------------------------------------------------------
# Vivado v2022.1 (64-bit)
# SW Build 3526262 on Mon Apr 18 15:47:01 MDT 2022
# IP Build 3524634 on Mon Apr 18 20:55:01 MDT 2022
# Start of session at: Fri Dec  2 17:38:24 2022
# Process ID: 231050
# Current directory: /media/koops/VIVADO/huah_cubed
# Command line: vivado -mode batch -source build.tcl
# Log file: /media/koops/VIVADO/huah_cubed/vivado.log
# Journal file: /media/koops/VIVADO/huah_cubed/vivado.jou
# Running On: koops, OS: Linux, CPU Frequency: 3903.879 MHz, CPU Physical cores: 4, Host memory: 16698 MB
#-----------------------------------------------------------
source build.tcl
# set_param general.maxThreads 16
# set partNum xc7a100tcsg324-1
# set outputDir output_files
# set verbose 0
# if { $argc > 0 } {
# 	if { $argc == 1 && [string compare [ lindex $argv 0 ] "-d"] == 0 } {
# 		set verbose 1
# 	} else {
# 		puts "usage: $argv0 \[-d\]"
# 		exit 1
# 	}
# }
# file mkdir $outputDir
# set files [glob -nocomplain "$outputDir/*"]
# if {[llength $files] != 0} {
#     file delete -force {*}[glob -directory $outputDir *];
# }
# read_verilog -sv [ glob ./src/*.{sv,v,svh,vh} ]
# read_xdc ./xdc/top_level.xdc
# set_part $partNum
INFO: [Coretcl 2-1500] The part has been set to 'xc7a100tcsg324-1' for the current project only. Run set_part -help for more details. To evaluate different speed grades in the current design, use the set_speed_grade command, or use the open_checkpoint -part command to change the part used by an existing checkpoint design.
# read_ip ./ip/floating_point_add.xci
INFO: [IP_Flow 19-234] Refreshing IP repositories
INFO: [IP_Flow 19-1704] No user IP repositories specified
INFO: [IP_Flow 19-2313] Loaded Vivado IP repository '/media/koops/VIVADO/Vivado/2022.1/data/ip'.
WARNING: [Vivado 12-13651] The IP file '/media/koops/VIVADO/huah_cubed/ip/floating_point_add.xci' has been moved from its original location, as a result the outputs for this IP will now be generated in '/media/float_testing_vivado.gen/sources_1/ip/floating_point_add'. Alternatively a copy of the IP can be imported into the project using one of the 'import_ip' or 'import_files' commands.
# read_ip ./ip/floating_point_divide.xci
WARNING: [Vivado 12-13651] The IP file '/media/koops/VIVADO/huah_cubed/ip/floating_point_divide.xci' has been moved from its original location, as a result the outputs for this IP will now be generated in '/media/float_testing_vivado.gen/sources_1/ip/floating_point_divide'. Alternatively a copy of the IP can be imported into the project using one of the 'import_ip' or 'import_files' commands.
# read_ip ./ip/floating_point_equal.xci
WARNING: [Vivado 12-13651] The IP file '/media/koops/VIVADO/huah_cubed/ip/floating_point_equal.xci' has been moved from its original location, as a result the outputs for this IP will now be generated in '/media/float_testing_vivado.gen/sources_1/ip/floating_point_equal'. Alternatively a copy of the IP can be imported into the project using one of the 'import_ip' or 'import_files' commands.
# read_ip ./ip/floating_point_float_to_sint32.xci
WARNING: [Vivado 12-13651] The IP file '/media/koops/VIVADO/huah_cubed/ip/floating_point_float_to_sint32.xci' has been moved from its original location, as a result the outputs for this IP will now be generated in '/media/float_testing_vivado.gen/sources_1/ip/floating_point_float_to_sint32'. Alternatively a copy of the IP can be imported into the project using one of the 'import_ip' or 'import_files' commands.
# read_ip ./ip/floating_point_lt.xci
WARNING: [Vivado 12-13651] The IP file '/media/koops/VIVADO/huah_cubed/ip/floating_point_lt.xci' has been moved from its original location, as a result the outputs for this IP will now be generated in '/media/float_testing_vivado.gen/sources_1/ip/floating_point_lt'. Alternatively a copy of the IP can be imported into the project using one of the 'import_ip' or 'import_files' commands.
# read_ip ./ip/floating_point_lte.xci
WARNING: [Vivado 12-13651] The IP file '/media/koops/VIVADO/huah_cubed/ip/floating_point_lte.xci' has been moved from its original location, as a result the outputs for this IP will now be generated in '/media/float_testing_vivado.gen/sources_1/ip/floating_point_lte'. Alternatively a copy of the IP can be imported into the project using one of the 'import_ip' or 'import_files' commands.
# read_ip ./ip/floating_point_multiply.xci
WARNING: [Vivado 12-13651] The IP file '/media/koops/VIVADO/huah_cubed/ip/floating_point_multiply.xci' has been moved from its original location, as a result the outputs for this IP will now be generated in '/media/float_testing_vivado.gen/sources_1/ip/floating_point_multiply'. Alternatively a copy of the IP can be imported into the project using one of the 'import_ip' or 'import_files' commands.
# read_ip ./ip/floating_point_re_sqrt.xci
WARNING: [Vivado 12-13651] The IP file '/media/koops/VIVADO/huah_cubed/ip/floating_point_re_sqrt.xci' has been moved from its original location, as a result the outputs for this IP will now be generated in '/media/float_testing_vivado.gen/sources_1/ip/floating_point_re_sqrt'. Alternatively a copy of the IP can be imported into the project using one of the 'import_ip' or 'import_files' commands.
# read_ip ./ip/floating_point_sint32_to_float.xci
WARNING: [Vivado 12-13651] The IP file '/media/koops/VIVADO/huah_cubed/ip/floating_point_sint32_to_float.xci' has been moved from its original location, as a result the outputs for this IP will now be generated in '/media/float_testing_vivado.gen/sources_1/ip/floating_point_sint32_to_float'. Alternatively a copy of the IP can be imported into the project using one of the 'import_ip' or 'import_files' commands.
# read_ip ./ip/floating_point_sub.xci
WARNING: [Vivado 12-13651] The IP file '/media/koops/VIVADO/huah_cubed/ip/floating_point_sub.xci' has been moved from its original location, as a result the outputs for this IP will now be generated in '/media/float_testing_vivado.gen/sources_1/ip/floating_point_sub'. Alternatively a copy of the IP can be imported into the project using one of the 'import_ip' or 'import_files' commands.
# generate_target all [get_ips]
CRITICAL WARNING: [filemgmt 20-1365] Unable to generate target(s) for the following file is locked: /media/koops/VIVADO/huah_cubed/ip/floating_point_add.xci
Locked reason: 
* IP 'floating_point_add' shares a common output directory with other IP. It is recommended that each IP be placed in its own directory.
CRITICAL WARNING: [filemgmt 20-1365] Unable to generate target(s) for the following file is locked: /media/koops/VIVADO/huah_cubed/ip/floating_point_divide.xci
Locked reason: 
* IP 'floating_point_divide' shares a common output directory with other IP. It is recommended that each IP be placed in its own directory.
CRITICAL WARNING: [filemgmt 20-1365] Unable to generate target(s) for the following file is locked: /media/koops/VIVADO/huah_cubed/ip/floating_point_equal.xci
Locked reason: 
* IP 'floating_point_equal' shares a common output directory with other IP. It is recommended that each IP be placed in its own directory.
CRITICAL WARNING: [filemgmt 20-1365] Unable to generate target(s) for the following file is locked: /media/koops/VIVADO/huah_cubed/ip/floating_point_float_to_sint32.xci
Locked reason: 
* IP 'floating_point_float_to_sint32' shares a common output directory with other IP. It is recommended that each IP be placed in its own directory.
CRITICAL WARNING: [filemgmt 20-1365] Unable to generate target(s) for the following file is locked: /media/koops/VIVADO/huah_cubed/ip/floating_point_lt.xci
Locked reason: 
* IP 'floating_point_lt' shares a common output directory with other IP. It is recommended that each IP be placed in its own directory.
CRITICAL WARNING: [filemgmt 20-1365] Unable to generate target(s) for the following file is locked: /media/koops/VIVADO/huah_cubed/ip/floating_point_lte.xci
Locked reason: 
* IP 'floating_point_lte' shares a common output directory with other IP. It is recommended that each IP be placed in its own directory.
CRITICAL WARNING: [filemgmt 20-1365] Unable to generate target(s) for the following file is locked: /media/koops/VIVADO/huah_cubed/ip/floating_point_multiply.xci
Locked reason: 
* IP 'floating_point_multiply' shares a common output directory with other IP. It is recommended that each IP be placed in its own directory.
CRITICAL WARNING: [filemgmt 20-1365] Unable to generate target(s) for the following file is locked: /media/koops/VIVADO/huah_cubed/ip/floating_point_re_sqrt.xci
Locked reason: 
* IP 'floating_point_re_sqrt' shares a common output directory with other IP. It is recommended that each IP be placed in its own directory.
CRITICAL WARNING: [filemgmt 20-1365] Unable to generate target(s) for the following file is locked: /media/koops/VIVADO/huah_cubed/ip/floating_point_sint32_to_float.xci
Locked reason: 
* IP 'floating_point_sint32_to_float' shares a common output directory with other IP. It is recommended that each IP be placed in its own directory.
CRITICAL WARNING: [filemgmt 20-1365] Unable to generate target(s) for the following file is locked: /media/koops/VIVADO/huah_cubed/ip/floating_point_sub.xci
Locked reason: 
* IP 'floating_point_sub' shares a common output directory with other IP. It is recommended that each IP be placed in its own directory.
# synth_ip [get_ips]
INFO: [IP_Flow 19-234] Refreshing IP repositories
INFO: [IP_Flow 19-1704] No user IP repositories specified
INFO: [IP_Flow 19-2313] Loaded Vivado IP repository '/media/koops/VIVADO/Vivado/2022.1/data/ip'.
WARNING: [Vivado 12-13651] The IP file '/media/koops/VIVADO/huah_cubed/ip/floating_point_add.xci' has been moved from its original location, as a result the outputs for this IP will now be generated in '/media/float_testing_vivado.gen/sources_1/ip/floating_point_add'. Alternatively a copy of the IP can be imported into the project using one of the 'import_ip' or 'import_files' commands.
Command: synth_design -top floating_point_add -part xc7a100tcsg324-1 -mode out_of_context
Starting synth_design
WARNING: [Vivado_Tcl 4-391] The following IPs are missing output products for Synthesis target. These output products could be required for synthesis, please generate the output products using the generate_target or synth_ip command before running synth_design.
/media/koops/VIVADO/huah_cubed/ip/floating_point_add.xci

WARNING: [IP_Flow 19-2162] IP 'floating_point_add' is locked:
* IP 'floating_point_add' shares a common output directory with other IP. It is recommended that each IP be placed in its own directory.
Attempting to get a license for feature 'Synthesis' and/or device 'xc7a100t'
INFO: [Common 17-349] Got license for feature 'Synthesis' and/or device 'xc7a100t'
INFO: [Common 17-83] Releasing license: Synthesis
5 Infos, 3 Warnings, 0 Critical Warnings and 1 Errors encountered.
synth_design failed
ERROR: [Designutils 20-414] HRTInvokeSpec : No Verilog or VHDL sources specified
ERROR: [Common 17-53] User Exception: No open design. Please open an elaborated, synthesized or implemented design before executing this command.
ERROR: [Common 17-53] User Exception: No open design. Please open an elaborated, synthesized or implemented design before executing this command.
ERROR: [Common 17-53] User Exception: No open design. Please open an elaborated, synthesized or implemented design before executing this command.
ERROR: [Common 17-53] User Exception: No open design. Please open an elaborated, synthesized or implemented design before executing this command.
ERROR: [Common 17-53] User Exception: No open design. Please open an elaborated, synthesized or implemented design before executing this command.
ERROR: [Common 17-53] User Exception: No open design. Please open an elaborated, synthesized or implemented design before executing this command.
CRITICAL WARNING: [IP_Flow 19-193] Failed to save BOM file '/media/float_testing_vivado.gen/sources_1/ip/floating_point_add/floating_point_add.xml'.
CRITICAL WARNING: [IP_Flow 19-194] Failed to save IP instance 'floating_point_add'.
CRITICAL WARNING: [IP_Flow 19-193] Failed to save BOM file '/media/float_testing_vivado.gen/sources_1/ip/floating_point_add/floating_point_add.xml'.
CRITICAL WARNING: [IP_Flow 19-194] Failed to save IP instance 'floating_point_add'.
CRITICAL WARNING: [IP_Flow 19-193] Failed to save BOM file '/media/float_testing_vivado.gen/sources_1/ip/floating_point_add/floating_point_add.xml'.
CRITICAL WARNING: [IP_Flow 19-194] Failed to save IP instance 'floating_point_add'.
CRITICAL WARNING: [IP_Flow 19-193] Failed to save BOM file '/media/float_testing_vivado.gen/sources_1/ip/floating_point_add/floating_point_add.xml'.
CRITICAL WARNING: [IP_Flow 19-194] Failed to save IP instance 'floating_point_add'.
CRITICAL WARNING: [IP_Flow 19-193] Failed to save BOM file '/media/float_testing_vivado.gen/sources_1/ip/floating_point_add/floating_point_add.xml'.
CRITICAL WARNING: [IP_Flow 19-194] Failed to save IP instance 'floating_point_add'.
ERROR: [Vivado 12-398] No designs are open
INFO: [IP_Flow 19-234] Refreshing IP repositories
INFO: [IP_Flow 19-1704] No user IP repositories specified
INFO: [IP_Flow 19-2313] Loaded Vivado IP repository '/media/koops/VIVADO/Vivado/2022.1/data/ip'.
WARNING: [Vivado 12-13651] The IP file '/media/koops/VIVADO/huah_cubed/ip/floating_point_divide.xci' has been moved from its original location, as a result the outputs for this IP will now be generated in '/media/float_testing_vivado.gen/sources_1/ip/floating_point_divide'. Alternatively a copy of the IP can be imported into the project using one of the 'import_ip' or 'import_files' commands.
Command: synth_design -top floating_point_divide -part xc7a100tcsg324-1 -mode out_of_context
Starting synth_design
WARNING: [Vivado_Tcl 4-391] The following IPs are missing output products for Synthesis target. These output products could be required for synthesis, please generate the output products using the generate_target or synth_ip command before running synth_design.
/media/koops/VIVADO/huah_cubed/ip/floating_point_divide.xci

WARNING: [IP_Flow 19-2162] IP 'floating_point_divide' is locked:
* IP 'floating_point_divide' shares a common output directory with other IP. It is recommended that each IP be placed in its own directory.
Attempting to get a license for feature 'Synthesis' and/or device 'xc7a100t'
INFO: [Common 17-349] Got license for feature 'Synthesis' and/or device 'xc7a100t'
INFO: [Common 17-83] Releasing license: Synthesis
5 Infos, 3 Warnings, 0 Critical Warnings and 1 Errors encountered.
synth_design failed
ERROR: [Designutils 20-414] HRTInvokeSpec : No Verilog or VHDL sources specified
ERROR: [Common 17-53] User Exception: No open design. Please open an elaborated, synthesized or implemented design before executing this command.
ERROR: [Common 17-53] User Exception: No open design. Please open an elaborated, synthesized or implemented design before executing this command.
ERROR: [Common 17-53] User Exception: No open design. Please open an elaborated, synthesized or implemented design before executing this command.
ERROR: [Common 17-53] User Exception: No open design. Please open an elaborated, synthesized or implemented design before executing this command.
ERROR: [Common 17-53] User Exception: No open design. Please open an elaborated, synthesized or implemented design before executing this command.
ERROR: [Common 17-53] User Exception: No open design. Please open an elaborated, synthesized or implemented design before executing this command.
CRITICAL WARNING: [IP_Flow 19-193] Failed to save BOM file '/media/float_testing_vivado.gen/sources_1/ip/floating_point_divide/floating_point_divide.xml'.
CRITICAL WARNING: [IP_Flow 19-194] Failed to save IP instance 'floating_point_divide'.
CRITICAL WARNING: [IP_Flow 19-193] Failed to save BOM file '/media/float_testing_vivado.gen/sources_1/ip/floating_point_divide/floating_point_divide.xml'.
CRITICAL WARNING: [IP_Flow 19-194] Failed to save IP instance 'floating_point_divide'.
CRITICAL WARNING: [IP_Flow 19-193] Failed to save BOM file '/media/float_testing_vivado.gen/sources_1/ip/floating_point_divide/floating_point_divide.xml'.
CRITICAL WARNING: [IP_Flow 19-194] Failed to save IP instance 'floating_point_divide'.
CRITICAL WARNING: [IP_Flow 19-193] Failed to save BOM file '/media/float_testing_vivado.gen/sources_1/ip/floating_point_divide/floating_point_divide.xml'.
CRITICAL WARNING: [IP_Flow 19-194] Failed to save IP instance 'floating_point_divide'.
CRITICAL WARNING: [IP_Flow 19-193] Failed to save BOM file '/media/float_testing_vivado.gen/sources_1/ip/floating_point_divide/floating_point_divide.xml'.
CRITICAL WARNING: [IP_Flow 19-194] Failed to save IP instance 'floating_point_divide'.
ERROR: [Vivado 12-398] No designs are open
INFO: [IP_Flow 19-234] Refreshing IP repositories
INFO: [IP_Flow 19-1704] No user IP repositories specified
INFO: [IP_Flow 19-2313] Loaded Vivado IP repository '/media/koops/VIVADO/Vivado/2022.1/data/ip'.
WARNING: [Vivado 12-13651] The IP file '/media/koops/VIVADO/huah_cubed/ip/floating_point_equal.xci' has been moved from its original location, as a result the outputs for this IP will now be generated in '/media/float_testing_vivado.gen/sources_1/ip/floating_point_equal'. Alternatively a copy of the IP can be imported into the project using one of the 'import_ip' or 'import_files' commands.
Command: synth_design -top floating_point_equal -part xc7a100tcsg324-1 -mode out_of_context
Starting synth_design
WARNING: [Vivado_Tcl 4-391] The following IPs are missing output products for Synthesis target. These output products could be required for synthesis, please generate the output products using the generate_target or synth_ip command before running synth_design.
/media/koops/VIVADO/huah_cubed/ip/floating_point_equal.xci

WARNING: [IP_Flow 19-2162] IP 'floating_point_equal' is locked:
* IP 'floating_point_equal' shares a common output directory with other IP. It is recommended that each IP be placed in its own directory.
Attempting to get a license for feature 'Synthesis' and/or device 'xc7a100t'
INFO: [Common 17-349] Got license for feature 'Synthesis' and/or device 'xc7a100t'
INFO: [Common 17-83] Releasing license: Synthesis
5 Infos, 3 Warnings, 0 Critical Warnings and 1 Errors encountered.
synth_design failed
ERROR: [Designutils 20-414] HRTInvokeSpec : No Verilog or VHDL sources specified
ERROR: [Common 17-53] User Exception: No open design. Please open an elaborated, synthesized or implemented design before executing this command.
ERROR: [Common 17-53] User Exception: No open design. Please open an elaborated, synthesized or implemented design before executing this command.
ERROR: [Common 17-53] User Exception: No open design. Please open an elaborated, synthesized or implemented design before executing this command.
ERROR: [Common 17-53] User Exception: No open design. Please open an elaborated, synthesized or implemented design before executing this command.
ERROR: [Common 17-53] User Exception: No open design. Please open an elaborated, synthesized or implemented design before executing this command.
ERROR: [Common 17-53] User Exception: No open design. Please open an elaborated, synthesized or implemented design before executing this command.
CRITICAL WARNING: [IP_Flow 19-193] Failed to save BOM file '/media/float_testing_vivado.gen/sources_1/ip/floating_point_equal/floating_point_equal.xml'.
CRITICAL WARNING: [IP_Flow 19-194] Failed to save IP instance 'floating_point_equal'.
CRITICAL WARNING: [IP_Flow 19-193] Failed to save BOM file '/media/float_testing_vivado.gen/sources_1/ip/floating_point_equal/floating_point_equal.xml'.
CRITICAL WARNING: [IP_Flow 19-194] Failed to save IP instance 'floating_point_equal'.
CRITICAL WARNING: [IP_Flow 19-193] Failed to save BOM file '/media/float_testing_vivado.gen/sources_1/ip/floating_point_equal/floating_point_equal.xml'.
CRITICAL WARNING: [IP_Flow 19-194] Failed to save IP instance 'floating_point_equal'.
CRITICAL WARNING: [IP_Flow 19-193] Failed to save BOM file '/media/float_testing_vivado.gen/sources_1/ip/floating_point_equal/floating_point_equal.xml'.
CRITICAL WARNING: [IP_Flow 19-194] Failed to save IP instance 'floating_point_equal'.
CRITICAL WARNING: [IP_Flow 19-193] Failed to save BOM file '/media/float_testing_vivado.gen/sources_1/ip/floating_point_equal/floating_point_equal.xml'.
CRITICAL WARNING: [IP_Flow 19-194] Failed to save IP instance 'floating_point_equal'.
ERROR: [Vivado 12-398] No designs are open
INFO: [IP_Flow 19-234] Refreshing IP repositories
INFO: [IP_Flow 19-1704] No user IP repositories specified
INFO: [IP_Flow 19-2313] Loaded Vivado IP repository '/media/koops/VIVADO/Vivado/2022.1/data/ip'.
WARNING: [Vivado 12-13651] The IP file '/media/koops/VIVADO/huah_cubed/ip/floating_point_float_to_sint32.xci' has been moved from its original location, as a result the outputs for this IP will now be generated in '/media/float_testing_vivado.gen/sources_1/ip/floating_point_float_to_sint32'. Alternatively a copy of the IP can be imported into the project using one of the 'import_ip' or 'import_files' commands.
Command: synth_design -top floating_point_float_to_sint32 -part xc7a100tcsg324-1 -mode out_of_context
Starting synth_design
WARNING: [Vivado_Tcl 4-391] The following IPs are missing output products for Synthesis target. These output products could be required for synthesis, please generate the output products using the generate_target or synth_ip command before running synth_design.
/media/koops/VIVADO/huah_cubed/ip/floating_point_float_to_sint32.xci

WARNING: [IP_Flow 19-2162] IP 'floating_point_float_to_sint32' is locked:
* IP 'floating_point_float_to_sint32' shares a common output directory with other IP. It is recommended that each IP be placed in its own directory.
Attempting to get a license for feature 'Synthesis' and/or device 'xc7a100t'
INFO: [Common 17-349] Got license for feature 'Synthesis' and/or device 'xc7a100t'
INFO: [Common 17-83] Releasing license: Synthesis
5 Infos, 3 Warnings, 0 Critical Warnings and 1 Errors encountered.
synth_design failed
ERROR: [Designutils 20-414] HRTInvokeSpec : No Verilog or VHDL sources specified
ERROR: [Common 17-53] User Exception: No open design. Please open an elaborated, synthesized or implemented design before executing this command.
ERROR: [Common 17-53] User Exception: No open design. Please open an elaborated, synthesized or implemented design before executing this command.
ERROR: [Common 17-53] User Exception: No open design. Please open an elaborated, synthesized or implemented design before executing this command.
ERROR: [Common 17-53] User Exception: No open design. Please open an elaborated, synthesized or implemented design before executing this command.
ERROR: [Common 17-53] User Exception: No open design. Please open an elaborated, synthesized or implemented design before executing this command.
ERROR: [Common 17-53] User Exception: No open design. Please open an elaborated, synthesized or implemented design before executing this command.
CRITICAL WARNING: [IP_Flow 19-193] Failed to save BOM file '/media/float_testing_vivado.gen/sources_1/ip/floating_point_float_to_sint32/floating_point_float_to_sint32.xml'.
CRITICAL WARNING: [IP_Flow 19-194] Failed to save IP instance 'floating_point_float_to_sint32'.
CRITICAL WARNING: [IP_Flow 19-193] Failed to save BOM file '/media/float_testing_vivado.gen/sources_1/ip/floating_point_float_to_sint32/floating_point_float_to_sint32.xml'.
CRITICAL WARNING: [IP_Flow 19-194] Failed to save IP instance 'floating_point_float_to_sint32'.
CRITICAL WARNING: [IP_Flow 19-193] Failed to save BOM file '/media/float_testing_vivado.gen/sources_1/ip/floating_point_float_to_sint32/floating_point_float_to_sint32.xml'.
CRITICAL WARNING: [IP_Flow 19-194] Failed to save IP instance 'floating_point_float_to_sint32'.
CRITICAL WARNING: [IP_Flow 19-193] Failed to save BOM file '/media/float_testing_vivado.gen/sources_1/ip/floating_point_float_to_sint32/floating_point_float_to_sint32.xml'.
CRITICAL WARNING: [IP_Flow 19-194] Failed to save IP instance 'floating_point_float_to_sint32'.
CRITICAL WARNING: [IP_Flow 19-193] Failed to save BOM file '/media/float_testing_vivado.gen/sources_1/ip/floating_point_float_to_sint32/floating_point_float_to_sint32.xml'.
CRITICAL WARNING: [IP_Flow 19-194] Failed to save IP instance 'floating_point_float_to_sint32'.
ERROR: [Vivado 12-398] No designs are open
INFO: [IP_Flow 19-234] Refreshing IP repositories
INFO: [IP_Flow 19-1704] No user IP repositories specified
INFO: [IP_Flow 19-2313] Loaded Vivado IP repository '/media/koops/VIVADO/Vivado/2022.1/data/ip'.
WARNING: [Vivado 12-13651] The IP file '/media/koops/VIVADO/huah_cubed/ip/floating_point_lt.xci' has been moved from its original location, as a result the outputs for this IP will now be generated in '/media/float_testing_vivado.gen/sources_1/ip/floating_point_lt'. Alternatively a copy of the IP can be imported into the project using one of the 'import_ip' or 'import_files' commands.
Command: synth_design -top floating_point_lt -part xc7a100tcsg324-1 -mode out_of_context
Starting synth_design
WARNING: [Vivado_Tcl 4-391] The following IPs are missing output products for Synthesis target. These output products could be required for synthesis, please generate the output products using the generate_target or synth_ip command before running synth_design.
/media/koops/VIVADO/huah_cubed/ip/floating_point_lt.xci

WARNING: [IP_Flow 19-2162] IP 'floating_point_lt' is locked:
* IP 'floating_point_lt' shares a common output directory with other IP. It is recommended that each IP be placed in its own directory.
Attempting to get a license for feature 'Synthesis' and/or device 'xc7a100t'
INFO: [Common 17-349] Got license for feature 'Synthesis' and/or device 'xc7a100t'
INFO: [Common 17-83] Releasing license: Synthesis
5 Infos, 3 Warnings, 0 Critical Warnings and 1 Errors encountered.
synth_design failed
ERROR: [Designutils 20-414] HRTInvokeSpec : No Verilog or VHDL sources specified
ERROR: [Common 17-53] User Exception: No open design. Please open an elaborated, synthesized or implemented design before executing this command.
ERROR: [Common 17-53] User Exception: No open design. Please open an elaborated, synthesized or implemented design before executing this command.
ERROR: [Common 17-53] User Exception: No open design. Please open an elaborated, synthesized or implemented design before executing this command.
ERROR: [Common 17-53] User Exception: No open design. Please open an elaborated, synthesized or implemented design before executing this command.
ERROR: [Common 17-53] User Exception: No open design. Please open an elaborated, synthesized or implemented design before executing this command.
ERROR: [Common 17-53] User Exception: No open design. Please open an elaborated, synthesized or implemented design before executing this command.
CRITICAL WARNING: [IP_Flow 19-193] Failed to save BOM file '/media/float_testing_vivado.gen/sources_1/ip/floating_point_lt/floating_point_lt.xml'.
CRITICAL WARNING: [IP_Flow 19-194] Failed to save IP instance 'floating_point_lt'.
CRITICAL WARNING: [IP_Flow 19-193] Failed to save BOM file '/media/float_testing_vivado.gen/sources_1/ip/floating_point_lt/floating_point_lt.xml'.
CRITICAL WARNING: [IP_Flow 19-194] Failed to save IP instance 'floating_point_lt'.
CRITICAL WARNING: [IP_Flow 19-193] Failed to save BOM file '/media/float_testing_vivado.gen/sources_1/ip/floating_point_lt/floating_point_lt.xml'.
CRITICAL WARNING: [IP_Flow 19-194] Failed to save IP instance 'floating_point_lt'.
CRITICAL WARNING: [IP_Flow 19-193] Failed to save BOM file '/media/float_testing_vivado.gen/sources_1/ip/floating_point_lt/floating_point_lt.xml'.
CRITICAL WARNING: [IP_Flow 19-194] Failed to save IP instance 'floating_point_lt'.
CRITICAL WARNING: [IP_Flow 19-193] Failed to save BOM file '/media/float_testing_vivado.gen/sources_1/ip/floating_point_lt/floating_point_lt.xml'.
CRITICAL WARNING: [IP_Flow 19-194] Failed to save IP instance 'floating_point_lt'.
ERROR: [Vivado 12-398] No designs are open
INFO: [IP_Flow 19-234] Refreshing IP repositories
INFO: [IP_Flow 19-1704] No user IP repositories specified
INFO: [IP_Flow 19-2313] Loaded Vivado IP repository '/media/koops/VIVADO/Vivado/2022.1/data/ip'.
WARNING: [Vivado 12-13651] The IP file '/media/koops/VIVADO/huah_cubed/ip/floating_point_lte.xci' has been moved from its original location, as a result the outputs for this IP will now be generated in '/media/float_testing_vivado.gen/sources_1/ip/floating_point_lte'. Alternatively a copy of the IP can be imported into the project using one of the 'import_ip' or 'import_files' commands.
Command: synth_design -top floating_point_lte -part xc7a100tcsg324-1 -mode out_of_context
Starting synth_design
WARNING: [Vivado_Tcl 4-391] The following IPs are missing output products for Synthesis target. These output products could be required for synthesis, please generate the output products using the generate_target or synth_ip command before running synth_design.
/media/koops/VIVADO/huah_cubed/ip/floating_point_lte.xci

WARNING: [IP_Flow 19-2162] IP 'floating_point_lte' is locked:
* IP 'floating_point_lte' shares a common output directory with other IP. It is recommended that each IP be placed in its own directory.
Attempting to get a license for feature 'Synthesis' and/or device 'xc7a100t'
INFO: [Common 17-349] Got license for feature 'Synthesis' and/or device 'xc7a100t'
INFO: [Common 17-83] Releasing license: Synthesis
5 Infos, 3 Warnings, 0 Critical Warnings and 1 Errors encountered.
synth_design failed
ERROR: [Designutils 20-414] HRTInvokeSpec : No Verilog or VHDL sources specified
ERROR: [Common 17-53] User Exception: No open design. Please open an elaborated, synthesized or implemented design before executing this command.
ERROR: [Common 17-53] User Exception: No open design. Please open an elaborated, synthesized or implemented design before executing this command.
ERROR: [Common 17-53] User Exception: No open design. Please open an elaborated, synthesized or implemented design before executing this command.
ERROR: [Common 17-53] User Exception: No open design. Please open an elaborated, synthesized or implemented design before executing this command.
ERROR: [Common 17-53] User Exception: No open design. Please open an elaborated, synthesized or implemented design before executing this command.
ERROR: [Common 17-53] User Exception: No open design. Please open an elaborated, synthesized or implemented design before executing this command.
CRITICAL WARNING: [IP_Flow 19-193] Failed to save BOM file '/media/float_testing_vivado.gen/sources_1/ip/floating_point_lte/floating_point_lte.xml'.
CRITICAL WARNING: [IP_Flow 19-194] Failed to save IP instance 'floating_point_lte'.
CRITICAL WARNING: [IP_Flow 19-193] Failed to save BOM file '/media/float_testing_vivado.gen/sources_1/ip/floating_point_lte/floating_point_lte.xml'.
CRITICAL WARNING: [IP_Flow 19-194] Failed to save IP instance 'floating_point_lte'.
CRITICAL WARNING: [IP_Flow 19-193] Failed to save BOM file '/media/float_testing_vivado.gen/sources_1/ip/floating_point_lte/floating_point_lte.xml'.
CRITICAL WARNING: [IP_Flow 19-194] Failed to save IP instance 'floating_point_lte'.
CRITICAL WARNING: [IP_Flow 19-193] Failed to save BOM file '/media/float_testing_vivado.gen/sources_1/ip/floating_point_lte/floating_point_lte.xml'.
CRITICAL WARNING: [IP_Flow 19-194] Failed to save IP instance 'floating_point_lte'.
CRITICAL WARNING: [IP_Flow 19-193] Failed to save BOM file '/media/float_testing_vivado.gen/sources_1/ip/floating_point_lte/floating_point_lte.xml'.
CRITICAL WARNING: [IP_Flow 19-194] Failed to save IP instance 'floating_point_lte'.
ERROR: [Vivado 12-398] No designs are open
INFO: [IP_Flow 19-234] Refreshing IP repositories
INFO: [IP_Flow 19-1704] No user IP repositories specified
INFO: [IP_Flow 19-2313] Loaded Vivado IP repository '/media/koops/VIVADO/Vivado/2022.1/data/ip'.
WARNING: [Vivado 12-13651] The IP file '/media/koops/VIVADO/huah_cubed/ip/floating_point_multiply.xci' has been moved from its original location, as a result the outputs for this IP will now be generated in '/media/float_testing_vivado.gen/sources_1/ip/floating_point_multiply'. Alternatively a copy of the IP can be imported into the project using one of the 'import_ip' or 'import_files' commands.
Command: synth_design -top floating_point_multiply -part xc7a100tcsg324-1 -mode out_of_context
Starting synth_design
WARNING: [Vivado_Tcl 4-391] The following IPs are missing output products for Synthesis target. These output products could be required for synthesis, please generate the output products using the generate_target or synth_ip command before running synth_design.
/media/koops/VIVADO/huah_cubed/ip/floating_point_multiply.xci

WARNING: [IP_Flow 19-2162] IP 'floating_point_multiply' is locked:
* IP 'floating_point_multiply' shares a common output directory with other IP. It is recommended that each IP be placed in its own directory.
Attempting to get a license for feature 'Synthesis' and/or device 'xc7a100t'
INFO: [Common 17-349] Got license for feature 'Synthesis' and/or device 'xc7a100t'
INFO: [Common 17-83] Releasing license: Synthesis
5 Infos, 3 Warnings, 0 Critical Warnings and 1 Errors encountered.
synth_design failed
ERROR: [Designutils 20-414] HRTInvokeSpec : No Verilog or VHDL sources specified
ERROR: [Common 17-53] User Exception: No open design. Please open an elaborated, synthesized or implemented design before executing this command.
ERROR: [Common 17-53] User Exception: No open design. Please open an elaborated, synthesized or implemented design before executing this command.
ERROR: [Common 17-53] User Exception: No open design. Please open an elaborated, synthesized or implemented design before executing this command.
ERROR: [Common 17-53] User Exception: No open design. Please open an elaborated, synthesized or implemented design before executing this command.
ERROR: [Common 17-53] User Exception: No open design. Please open an elaborated, synthesized or implemented design before executing this command.
ERROR: [Common 17-53] User Exception: No open design. Please open an elaborated, synthesized or implemented design before executing this command.
CRITICAL WARNING: [IP_Flow 19-193] Failed to save BOM file '/media/float_testing_vivado.gen/sources_1/ip/floating_point_multiply/floating_point_multiply.xml'.
CRITICAL WARNING: [IP_Flow 19-194] Failed to save IP instance 'floating_point_multiply'.
CRITICAL WARNING: [IP_Flow 19-193] Failed to save BOM file '/media/float_testing_vivado.gen/sources_1/ip/floating_point_multiply/floating_point_multiply.xml'.
CRITICAL WARNING: [IP_Flow 19-194] Failed to save IP instance 'floating_point_multiply'.
CRITICAL WARNING: [IP_Flow 19-193] Failed to save BOM file '/media/float_testing_vivado.gen/sources_1/ip/floating_point_multiply/floating_point_multiply.xml'.
CRITICAL WARNING: [IP_Flow 19-194] Failed to save IP instance 'floating_point_multiply'.
CRITICAL WARNING: [IP_Flow 19-193] Failed to save BOM file '/media/float_testing_vivado.gen/sources_1/ip/floating_point_multiply/floating_point_multiply.xml'.
CRITICAL WARNING: [IP_Flow 19-194] Failed to save IP instance 'floating_point_multiply'.
CRITICAL WARNING: [IP_Flow 19-193] Failed to save BOM file '/media/float_testing_vivado.gen/sources_1/ip/floating_point_multiply/floating_point_multiply.xml'.
CRITICAL WARNING: [IP_Flow 19-194] Failed to save IP instance 'floating_point_multiply'.
ERROR: [Vivado 12-398] No designs are open
INFO: [IP_Flow 19-234] Refreshing IP repositories
INFO: [IP_Flow 19-1704] No user IP repositories specified
INFO: [IP_Flow 19-2313] Loaded Vivado IP repository '/media/koops/VIVADO/Vivado/2022.1/data/ip'.
WARNING: [Vivado 12-13651] The IP file '/media/koops/VIVADO/huah_cubed/ip/floating_point_re_sqrt.xci' has been moved from its original location, as a result the outputs for this IP will now be generated in '/media/float_testing_vivado.gen/sources_1/ip/floating_point_re_sqrt'. Alternatively a copy of the IP can be imported into the project using one of the 'import_ip' or 'import_files' commands.
Command: synth_design -top floating_point_re_sqrt -part xc7a100tcsg324-1 -mode out_of_context
Starting synth_design
WARNING: [Vivado_Tcl 4-391] The following IPs are missing output products for Synthesis target. These output products could be required for synthesis, please generate the output products using the generate_target or synth_ip command before running synth_design.
/media/koops/VIVADO/huah_cubed/ip/floating_point_re_sqrt.xci

WARNING: [IP_Flow 19-2162] IP 'floating_point_re_sqrt' is locked:
* IP 'floating_point_re_sqrt' shares a common output directory with other IP. It is recommended that each IP be placed in its own directory.
Attempting to get a license for feature 'Synthesis' and/or device 'xc7a100t'
INFO: [Common 17-349] Got license for feature 'Synthesis' and/or device 'xc7a100t'
INFO: [Common 17-83] Releasing license: Synthesis
5 Infos, 3 Warnings, 0 Critical Warnings and 1 Errors encountered.
synth_design failed
ERROR: [Designutils 20-414] HRTInvokeSpec : No Verilog or VHDL sources specified
ERROR: [Common 17-53] User Exception: No open design. Please open an elaborated, synthesized or implemented design before executing this command.
ERROR: [Common 17-53] User Exception: No open design. Please open an elaborated, synthesized or implemented design before executing this command.
ERROR: [Common 17-53] User Exception: No open design. Please open an elaborated, synthesized or implemented design before executing this command.
ERROR: [Common 17-53] User Exception: No open design. Please open an elaborated, synthesized or implemented design before executing this command.
ERROR: [Common 17-53] User Exception: No open design. Please open an elaborated, synthesized or implemented design before executing this command.
ERROR: [Common 17-53] User Exception: No open design. Please open an elaborated, synthesized or implemented design before executing this command.
CRITICAL WARNING: [IP_Flow 19-193] Failed to save BOM file '/media/float_testing_vivado.gen/sources_1/ip/floating_point_re_sqrt/floating_point_re_sqrt.xml'.
CRITICAL WARNING: [IP_Flow 19-194] Failed to save IP instance 'floating_point_re_sqrt'.
CRITICAL WARNING: [IP_Flow 19-193] Failed to save BOM file '/media/float_testing_vivado.gen/sources_1/ip/floating_point_re_sqrt/floating_point_re_sqrt.xml'.
CRITICAL WARNING: [IP_Flow 19-194] Failed to save IP instance 'floating_point_re_sqrt'.
CRITICAL WARNING: [IP_Flow 19-193] Failed to save BOM file '/media/float_testing_vivado.gen/sources_1/ip/floating_point_re_sqrt/floating_point_re_sqrt.xml'.
CRITICAL WARNING: [IP_Flow 19-194] Failed to save IP instance 'floating_point_re_sqrt'.
CRITICAL WARNING: [IP_Flow 19-193] Failed to save BOM file '/media/float_testing_vivado.gen/sources_1/ip/floating_point_re_sqrt/floating_point_re_sqrt.xml'.
CRITICAL WARNING: [IP_Flow 19-194] Failed to save IP instance 'floating_point_re_sqrt'.
CRITICAL WARNING: [IP_Flow 19-193] Failed to save BOM file '/media/float_testing_vivado.gen/sources_1/ip/floating_point_re_sqrt/floating_point_re_sqrt.xml'.
CRITICAL WARNING: [IP_Flow 19-194] Failed to save IP instance 'floating_point_re_sqrt'.
ERROR: [Vivado 12-398] No designs are open
INFO: [IP_Flow 19-234] Refreshing IP repositories
INFO: [IP_Flow 19-1704] No user IP repositories specified
INFO: [IP_Flow 19-2313] Loaded Vivado IP repository '/media/koops/VIVADO/Vivado/2022.1/data/ip'.
WARNING: [Vivado 12-13651] The IP file '/media/koops/VIVADO/huah_cubed/ip/floating_point_sint32_to_float.xci' has been moved from its original location, as a result the outputs for this IP will now be generated in '/media/float_testing_vivado.gen/sources_1/ip/floating_point_sint32_to_float'. Alternatively a copy of the IP can be imported into the project using one of the 'import_ip' or 'import_files' commands.
Command: synth_design -top floating_point_sint32_to_float -part xc7a100tcsg324-1 -mode out_of_context
Starting synth_design
WARNING: [Vivado_Tcl 4-391] The following IPs are missing output products for Synthesis target. These output products could be required for synthesis, please generate the output products using the generate_target or synth_ip command before running synth_design.
/media/koops/VIVADO/huah_cubed/ip/floating_point_sint32_to_float.xci

WARNING: [IP_Flow 19-2162] IP 'floating_point_sint32_to_float' is locked:
* IP 'floating_point_sint32_to_float' shares a common output directory with other IP. It is recommended that each IP be placed in its own directory.
Attempting to get a license for feature 'Synthesis' and/or device 'xc7a100t'
INFO: [Common 17-349] Got license for feature 'Synthesis' and/or device 'xc7a100t'
INFO: [Common 17-83] Releasing license: Synthesis
5 Infos, 3 Warnings, 0 Critical Warnings and 1 Errors encountered.
synth_design failed
ERROR: [Designutils 20-414] HRTInvokeSpec : No Verilog or VHDL sources specified
ERROR: [Common 17-53] User Exception: No open design. Please open an elaborated, synthesized or implemented design before executing this command.
ERROR: [Common 17-53] User Exception: No open design. Please open an elaborated, synthesized or implemented design before executing this command.
ERROR: [Common 17-53] User Exception: No open design. Please open an elaborated, synthesized or implemented design before executing this command.
ERROR: [Common 17-53] User Exception: No open design. Please open an elaborated, synthesized or implemented design before executing this command.
ERROR: [Common 17-53] User Exception: No open design. Please open an elaborated, synthesized or implemented design before executing this command.
ERROR: [Common 17-53] User Exception: No open design. Please open an elaborated, synthesized or implemented design before executing this command.
CRITICAL WARNING: [IP_Flow 19-193] Failed to save BOM file '/media/float_testing_vivado.gen/sources_1/ip/floating_point_sint32_to_float/floating_point_sint32_to_float.xml'.
CRITICAL WARNING: [IP_Flow 19-194] Failed to save IP instance 'floating_point_sint32_to_float'.
CRITICAL WARNING: [IP_Flow 19-193] Failed to save BOM file '/media/float_testing_vivado.gen/sources_1/ip/floating_point_sint32_to_float/floating_point_sint32_to_float.xml'.
CRITICAL WARNING: [IP_Flow 19-194] Failed to save IP instance 'floating_point_sint32_to_float'.
CRITICAL WARNING: [IP_Flow 19-193] Failed to save BOM file '/media/float_testing_vivado.gen/sources_1/ip/floating_point_sint32_to_float/floating_point_sint32_to_float.xml'.
CRITICAL WARNING: [IP_Flow 19-194] Failed to save IP instance 'floating_point_sint32_to_float'.
CRITICAL WARNING: [IP_Flow 19-193] Failed to save BOM file '/media/float_testing_vivado.gen/sources_1/ip/floating_point_sint32_to_float/floating_point_sint32_to_float.xml'.
CRITICAL WARNING: [IP_Flow 19-194] Failed to save IP instance 'floating_point_sint32_to_float'.
CRITICAL WARNING: [IP_Flow 19-193] Failed to save BOM file '/media/float_testing_vivado.gen/sources_1/ip/floating_point_sint32_to_float/floating_point_sint32_to_float.xml'.
CRITICAL WARNING: [IP_Flow 19-194] Failed to save IP instance 'floating_point_sint32_to_float'.
ERROR: [Vivado 12-398] No designs are open
INFO: [IP_Flow 19-234] Refreshing IP repositories
INFO: [IP_Flow 19-1704] No user IP repositories specified
INFO: [IP_Flow 19-2313] Loaded Vivado IP repository '/media/koops/VIVADO/Vivado/2022.1/data/ip'.
WARNING: [Vivado 12-13651] The IP file '/media/koops/VIVADO/huah_cubed/ip/floating_point_sub.xci' has been moved from its original location, as a result the outputs for this IP will now be generated in '/media/float_testing_vivado.gen/sources_1/ip/floating_point_sub'. Alternatively a copy of the IP can be imported into the project using one of the 'import_ip' or 'import_files' commands.
Command: synth_design -top floating_point_sub -part xc7a100tcsg324-1 -mode out_of_context
Starting synth_design
WARNING: [Vivado_Tcl 4-391] The following IPs are missing output products for Synthesis target. These output products could be required for synthesis, please generate the output products using the generate_target or synth_ip command before running synth_design.
/media/koops/VIVADO/huah_cubed/ip/floating_point_sub.xci

WARNING: [IP_Flow 19-2162] IP 'floating_point_sub' is locked:
* IP 'floating_point_sub' shares a common output directory with other IP. It is recommended that each IP be placed in its own directory.
Attempting to get a license for feature 'Synthesis' and/or device 'xc7a100t'
INFO: [Common 17-349] Got license for feature 'Synthesis' and/or device 'xc7a100t'
INFO: [Common 17-83] Releasing license: Synthesis
5 Infos, 3 Warnings, 0 Critical Warnings and 1 Errors encountered.
synth_design failed
ERROR: [Designutils 20-414] HRTInvokeSpec : No Verilog or VHDL sources specified
ERROR: [Common 17-53] User Exception: No open design. Please open an elaborated, synthesized or implemented design before executing this command.
ERROR: [Common 17-53] User Exception: No open design. Please open an elaborated, synthesized or implemented design before executing this command.
ERROR: [Common 17-53] User Exception: No open design. Please open an elaborated, synthesized or implemented design before executing this command.
ERROR: [Common 17-53] User Exception: No open design. Please open an elaborated, synthesized or implemented design before executing this command.
ERROR: [Common 17-53] User Exception: No open design. Please open an elaborated, synthesized or implemented design before executing this command.
ERROR: [Common 17-53] User Exception: No open design. Please open an elaborated, synthesized or implemented design before executing this command.
CRITICAL WARNING: [IP_Flow 19-193] Failed to save BOM file '/media/float_testing_vivado.gen/sources_1/ip/floating_point_sub/floating_point_sub.xml'.
CRITICAL WARNING: [IP_Flow 19-194] Failed to save IP instance 'floating_point_sub'.
CRITICAL WARNING: [IP_Flow 19-193] Failed to save BOM file '/media/float_testing_vivado.gen/sources_1/ip/floating_point_sub/floating_point_sub.xml'.
CRITICAL WARNING: [IP_Flow 19-194] Failed to save IP instance 'floating_point_sub'.
CRITICAL WARNING: [IP_Flow 19-193] Failed to save BOM file '/media/float_testing_vivado.gen/sources_1/ip/floating_point_sub/floating_point_sub.xml'.
CRITICAL WARNING: [IP_Flow 19-194] Failed to save IP instance 'floating_point_sub'.
CRITICAL WARNING: [IP_Flow 19-193] Failed to save BOM file '/media/float_testing_vivado.gen/sources_1/ip/floating_point_sub/floating_point_sub.xml'.
CRITICAL WARNING: [IP_Flow 19-194] Failed to save IP instance 'floating_point_sub'.
CRITICAL WARNING: [IP_Flow 19-193] Failed to save BOM file '/media/float_testing_vivado.gen/sources_1/ip/floating_point_sub/floating_point_sub.xml'.
CRITICAL WARNING: [IP_Flow 19-194] Failed to save IP instance 'floating_point_sub'.
ERROR: [Vivado 12-398] No designs are open
INFO: [Vivado 12-3441] generate_netlist_ip - operation complete
synth_ip: Time (s): cpu = 00:00:11 ; elapsed = 00:00:12 . Memory (MB): peak = 2650.477 ; gain = 0.000 ; free physical = 3432 ; free virtual = 8686
# synth_design -top top_level -part $partNum -verbose
Command: synth_design -top top_level -part xc7a100tcsg324-1 -verbose
Starting synth_design
WARNING: [Vivado_Tcl 4-391] The following IPs are missing output products for Synthesis target. These output products could be required for synthesis, please generate the output products using the generate_target or synth_ip command before running synth_design.
/media/koops/VIVADO/huah_cubed/ip/floating_point_add.xci
/media/koops/VIVADO/huah_cubed/ip/floating_point_divide.xci
/media/koops/VIVADO/huah_cubed/ip/floating_point_equal.xci
/media/koops/VIVADO/huah_cubed/ip/floating_point_float_to_sint32.xci
/media/koops/VIVADO/huah_cubed/ip/floating_point_lt.xci
/media/koops/VIVADO/huah_cubed/ip/floating_point_lte.xci
/media/koops/VIVADO/huah_cubed/ip/floating_point_multiply.xci
/media/koops/VIVADO/huah_cubed/ip/floating_point_re_sqrt.xci
/media/koops/VIVADO/huah_cubed/ip/floating_point_sint32_to_float.xci
/media/koops/VIVADO/huah_cubed/ip/floating_point_sub.xci

WARNING: [IP_Flow 19-2162] IP 'floating_point_add' is locked:
* IP 'floating_point_add' shares a common output directory with other IP. It is recommended that each IP be placed in its own directory.
WARNING: [IP_Flow 19-2162] IP 'floating_point_divide' is locked:
* IP 'floating_point_divide' shares a common output directory with other IP. It is recommended that each IP be placed in its own directory.
WARNING: [IP_Flow 19-2162] IP 'floating_point_equal' is locked:
* IP 'floating_point_equal' shares a common output directory with other IP. It is recommended that each IP be placed in its own directory.
WARNING: [IP_Flow 19-2162] IP 'floating_point_float_to_sint32' is locked:
* IP 'floating_point_float_to_sint32' shares a common output directory with other IP. It is recommended that each IP be placed in its own directory.
WARNING: [IP_Flow 19-2162] IP 'floating_point_lt' is locked:
* IP 'floating_point_lt' shares a common output directory with other IP. It is recommended that each IP be placed in its own directory.
WARNING: [IP_Flow 19-2162] IP 'floating_point_lte' is locked:
* IP 'floating_point_lte' shares a common output directory with other IP. It is recommended that each IP be placed in its own directory.
WARNING: [IP_Flow 19-2162] IP 'floating_point_multiply' is locked:
* IP 'floating_point_multiply' shares a common output directory with other IP. It is recommended that each IP be placed in its own directory.
WARNING: [IP_Flow 19-2162] IP 'floating_point_re_sqrt' is locked:
* IP 'floating_point_re_sqrt' shares a common output directory with other IP. It is recommended that each IP be placed in its own directory.
WARNING: [IP_Flow 19-2162] IP 'floating_point_sint32_to_float' is locked:
* IP 'floating_point_sint32_to_float' shares a common output directory with other IP. It is recommended that each IP be placed in its own directory.
WARNING: [IP_Flow 19-2162] IP 'floating_point_sub' is locked:
* IP 'floating_point_sub' shares a common output directory with other IP. It is recommended that each IP be placed in its own directory.
Attempting to get a license for feature 'Synthesis' and/or device 'xc7a100t'
INFO: [Common 17-349] Got license for feature 'Synthesis' and/or device 'xc7a100t'
INFO: [Common 17-83] Releasing license: Synthesis
2 Infos, 11 Warnings, 0 Critical Warnings and 1 Errors encountered.
synth_design failed
INFO: [Common 17-344] 'synth_design' was cancelled
INFO: [Common 17-344] 'source' was cancelled
INFO: [Common 17-206] Exiting Vivado at Fri Dec  2 17:38:56 2022...
