
****** Vivado v2022.1 (64-bit)
  **** SW Build 3526262 on Mon Apr 18 15:47:01 MDT 2022
  **** IP Build 3524634 on Mon Apr 18 20:55:01 MDT 2022
    ** Copyright 1986-2022 Xilinx, Inc. All Rights Reserved.

source /tmp/build.tcl.aGfHSc
# exec rm -rf .Xil .gen .srcs
# set_param board.repoPaths /home/builder/.Xilinx/Vivado/2022.1/xhub/board_store/xilinx_board_store
# xhub::refresh_catalog [xhub::get_xstores xilinx_board_store]
# xhub::install [xhub::get_xitems digilentinc.com:xilinx_board_store:nexys4_ddr:1.1]
INFO: [xhubtcl 76-61] The object 'digilentinc.com:xilinx_board_store:nexys4_ddr:1.1' is already installed, to update use xhub::update command.
# set_part xc7a100tcsg324-1
INFO: [Coretcl 2-1500] The part has been set to 'xc7a100tcsg324-1' for the current project only. Run set_part -help for more details. To evaluate different speed grades in the current design, use the set_speed_grade command, or use the open_checkpoint -part command to change the part used by an existing checkpoint design.
# set_property board_part digilentinc.com:nexys4_ddr:part0:1.1 [current_project]
# synth_design -top top_level -part xc7a100tcsg324-1
Command: synth_design -top top_level -part xc7a100tcsg324-1
Starting synth_design
Attempting to get a license for feature 'Synthesis' and/or device 'xc7a100t'
INFO: [Common 17-349] Got license for feature 'Synthesis' and/or device 'xc7a100t'
INFO: [Common 17-83] Releasing license: Synthesis
2 Infos, 0 Warnings, 0 Critical Warnings and 1 Errors encountered.
synth_design failed
ERROR: [Common 17-69] Command failed: Unable to run synthesis. No HDL sources found in project
INFO: [Common 17-206] Exiting Vivado at Sat Dec 10 20:45:12 2022...
