#-----------------------------------------------------------
# Vivado v2022.1 (64-bit)
# SW Build 3526262 on Mon Apr 18 15:47:01 MDT 2022
# IP Build 3524634 on Mon Apr 18 20:55:01 MDT 2022
# Start of session at: Mon Dec 12 12:07:17 2022
# Process ID: 551076
# Current directory: /media/koops/VIVADO/huah_cubed/tools
# Command line: vivado
# Log file: /media/koops/VIVADO/huah_cubed/tools/vivado.log
# Journal file: /media/koops/VIVADO/huah_cubed/tools/vivado.jou
# Running On: koops, OS: Linux, CPU Frequency: 4051.816 MHz, CPU Physical cores: 4, Host memory: 16698 MB
#-----------------------------------------------------------
start_gui
WARNING: [Board 49-26] cannot add Board Part xilinx.com:kc705:part0:1.6 available at /media/koops/VIVADO/Vivado/2022.1/data/xhub/boards/XilinxBoardStore/boards/Xilinx/kc705/1.6/board.xml as part xc7k325tffg900-2 specified in board_part file is either invalid or not available
WARNING: [Board 49-26] cannot add Board Part xilinx.com:kcu105:part0:1.6 available at /media/koops/VIVADO/Vivado/2022.1/data/xhub/boards/XilinxBoardStore/boards/Xilinx/kcu105/1.6/board.xml as part xcku040-ffva1156-2-e specified in board_part file is either invalid or not available
WARNING: [Board 49-26] cannot add Board Part xilinx.com:kcu105:part0:1.7 available at /media/koops/VIVADO/Vivado/2022.1/data/xhub/boards/XilinxBoardStore/boards/Xilinx/kcu105/1.7/board.xml as part xcku040-ffva1156-2-e specified in board_part file is either invalid or not available
WARNING: [Board 49-26] cannot add Board Part xilinx.com:kcu1500:part0:1.2 available at /media/koops/VIVADO/Vivado/2022.1/data/xhub/boards/XilinxBoardStore/boards/Xilinx/kcu1500/1.2/board.xml as part xcku115-flvb2104-2-e specified in board_part file is either invalid or not available
WARNING: [Board 49-26] cannot add Board Part xilinx.com:vc707:part0:1.4 available at /media/koops/VIVADO/Vivado/2022.1/data/xhub/boards/XilinxBoardStore/boards/Xilinx/vc707/1.4/board.xml as part xc7vx485tffg1761-2 specified in board_part file is either invalid or not available
WARNING: [Board 49-26] cannot add Board Part xilinx.com:vc709:part0:1.8 available at /media/koops/VIVADO/Vivado/2022.1/data/xhub/boards/XilinxBoardStore/boards/Xilinx/vc709/1.8/board.xml as part xc7vx690tffg1761-2 specified in board_part file is either invalid or not available
WARNING: [Board 49-26] cannot add Board Part xilinx.com:vck190:part0:2.2 available at /media/koops/VIVADO/Vivado/2022.1/data/xhub/boards/XilinxBoardStore/boards/Xilinx/vck190/production/2.2/board.xml as part xcvc1902-vsva2197-2mp-e-s specified in board_part file is either invalid or not available
WARNING: [Board 49-26] cannot add Board Part xilinx.com:vck190:part0:3.0 available at /media/koops/VIVADO/Vivado/2022.1/data/xhub/boards/XilinxBoardStore/boards/Xilinx/vck190/production/3.0/board.xml as part xcvc1902-vsva2197-2mp-e-s specified in board_part file is either invalid or not available
WARNING: [Board 49-26] cannot add Board Part xilinx.com:vck190_newl:part0:1.0 available at /media/koops/VIVADO/Vivado/2022.1/data/xhub/boards/XilinxBoardStore/boards/Xilinx/vck190_newl/production/1.0/board.xml as part xcvc1902-vsva2197-2mp-e-s specified in board_part file is either invalid or not available
WARNING: [Board 49-26] cannot add Board Part xilinx.com:vcu108:part0:1.6 available at /media/koops/VIVADO/Vivado/2022.1/data/xhub/boards/XilinxBoardStore/boards/Xilinx/vcu108/1.6/board.xml as part xcvu095-ffva2104-2-e specified in board_part file is either invalid or not available
WARNING: [Board 49-26] cannot add Board Part xilinx.com:vcu108:part0:1.7 available at /media/koops/VIVADO/Vivado/2022.1/data/xhub/boards/XilinxBoardStore/boards/Xilinx/vcu108/1.7/board.xml as part xcvu095-ffva2104-2-e specified in board_part file is either invalid or not available
WARNING: [Board 49-26] cannot add Board Part xilinx.com:vcu110:part0:1.4 available at /media/koops/VIVADO/Vivado/2022.1/data/xhub/boards/XilinxBoardStore/boards/Xilinx/vcu110/1.4/board.xml as part xcvu190-flgc2104-2-e specified in board_part file is either invalid or not available
WARNING: [Board 49-26] cannot add Board Part xilinx.com:vcu118:part0:2.0 available at /media/koops/VIVADO/Vivado/2022.1/data/xhub/boards/XilinxBoardStore/boards/Xilinx/vcu118/2.0/board.xml as part xcvu9p-flga2104-2l-e specified in board_part file is either invalid or not available
WARNING: [Board 49-26] cannot add Board Part xilinx.com:vcu118:part0:2.3 available at /media/koops/VIVADO/Vivado/2022.1/data/xhub/boards/XilinxBoardStore/boards/Xilinx/vcu118/2.3/board.xml as part xcvu9p-flga2104-2l-e specified in board_part file is either invalid or not available
WARNING: [Board 49-26] cannot add Board Part xilinx.com:vcu118:part0:2.4 available at /media/koops/VIVADO/Vivado/2022.1/data/xhub/boards/XilinxBoardStore/boards/Xilinx/vcu118/2.4/board.xml as part xcvu9p-flga2104-2l-e specified in board_part file is either invalid or not available
WARNING: [Board 49-26] cannot add Board Part xilinx.com:vcu128:part0:1.0 available at /media/koops/VIVADO/Vivado/2022.1/data/xhub/boards/XilinxBoardStore/boards/Xilinx/vcu128/production/1.0/board.xml as part xcvu37p-fsvh2892-2l-e specified in board_part file is either invalid or not available
WARNING: [Board 49-26] cannot add Board Part xilinx.com:vcu129:part0:1.0 available at /media/koops/VIVADO/Vivado/2022.1/data/xhub/boards/XilinxBoardStore/boards/Xilinx/vcu129/production/1.0/board.xml as part xcvu29p-fsga2577-2l-e specified in board_part file is either invalid or not available
WARNING: [Board 49-26] cannot add Board Part xilinx.com:vcu1525:part0:1.3 available at /media/koops/VIVADO/Vivado/2022.1/data/xhub/boards/XilinxBoardStore/boards/Xilinx/vcu1525/1.3/board.xml as part xcvu9p-fsgd2104-2l-e specified in board_part file is either invalid or not available
WARNING: [Board 49-26] cannot add Board Part xilinx.com:vermeo_t1_mpsoc:part0:1.0 available at /media/koops/VIVADO/Vivado/2022.1/data/xhub/boards/XilinxBoardStore/boards/Xilinx/vermeo_t1_mpsoc/1.0/board.xml as part xczu19eg-ffvd1760-2l-e specified in board_part file is either invalid or not available
WARNING: [Board 49-26] cannot add Board Part xilinx.com:vermeo_t1_rfsoc:part0:1.0 available at /media/koops/VIVADO/Vivado/2022.1/data/xhub/boards/XilinxBoardStore/boards/Xilinx/vermeo_t1_rfsoc/1.0/board.xml as part xczu21dr-ffvd1156-2l-e specified in board_part file is either invalid or not available
WARNING: [Board 49-26] cannot add Board Part xilinx.com:vmk180:part0:2.2 available at /media/koops/VIVADO/Vivado/2022.1/data/xhub/boards/XilinxBoardStore/boards/Xilinx/vmk180/production/2.2/board.xml as part xcvm1802-vsva2197-2mp-e-s specified in board_part file is either invalid or not available
WARNING: [Board 49-26] cannot add Board Part xilinx.com:vmk180:part0:3.0 available at /media/koops/VIVADO/Vivado/2022.1/data/xhub/boards/XilinxBoardStore/boards/Xilinx/vmk180/production/3.0/board.xml as part xcvm1802-vsva2197-2mp-e-s specified in board_part file is either invalid or not available
WARNING: [Board 49-26] cannot add Board Part xilinx.com:vmk180_newl:part0:1.0 available at /media/koops/VIVADO/Vivado/2022.1/data/xhub/boards/XilinxBoardStore/boards/Xilinx/vmk180_newl/production/1.0/board.xml as part xcvm1802-vsva2197-2mp-e-s specified in board_part file is either invalid or not available
WARNING: [Board 49-26] cannot add Board Part xilinx.com:vpk120_es:part0:1.2 available at /media/koops/VIVADO/Vivado/2022.1/data/xhub/boards/XilinxBoardStore/boards/Xilinx/vpk120/es/1.2/board.xml as part xcvp1202-vsva2785-2mp-e-s-es1 specified in board_part file is either invalid or not available
WARNING: [Board 49-26] cannot add Board Part xilinx.com:vpk120_es_revb:part0:1.0 available at /media/koops/VIVADO/Vivado/2022.1/data/xhub/boards/XilinxBoardStore/boards/Xilinx/vpk120_revb/es/1.0/board.xml as part xcvp1202-vsva2785-2mp-e-s-es1 specified in board_part file is either invalid or not available
WARNING: [Board 49-26] cannot add Board Part xilinx.com:zc706:part0:1.4 available at /media/koops/VIVADO/Vivado/2022.1/data/xhub/boards/XilinxBoardStore/boards/Xilinx/zc706/1.4/board.xml as part xc7z045ffg900-2 specified in board_part file is either invalid or not available
WARNING: [Board 49-26] cannot add Board Part xilinx.com:zcu102:part0:3.3 available at /media/koops/VIVADO/Vivado/2022.1/data/xhub/boards/XilinxBoardStore/boards/Xilinx/zcu102/3.3/board.xml as part xczu9eg-ffvb1156-2-e specified in board_part file is either invalid or not available
WARNING: [Board 49-26] cannot add Board Part xilinx.com:zcu102:part0:3.4 available at /media/koops/VIVADO/Vivado/2022.1/data/xhub/boards/XilinxBoardStore/boards/Xilinx/zcu102/3.4/board.xml as part xczu9eg-ffvb1156-2-e specified in board_part file is either invalid or not available
WARNING: [Board 49-26] cannot add Board Part xilinx.com:zcu111:part0:1.2 available at /media/koops/VIVADO/Vivado/2022.1/data/xhub/boards/XilinxBoardStore/boards/Xilinx/zcu111/1.2/board.xml as part xczu28dr-ffvg1517-2-e specified in board_part file is either invalid or not available
WARNING: [Board 49-26] cannot add Board Part xilinx.com:zcu111:part0:1.3 available at /media/koops/VIVADO/Vivado/2022.1/data/xhub/boards/XilinxBoardStore/boards/Xilinx/zcu111/1.3/board.xml as part xczu28dr-ffvg1517-2-e specified in board_part file is either invalid or not available
WARNING: [Board 49-26] cannot add Board Part xilinx.com:zcu111:part0:1.4 available at /media/koops/VIVADO/Vivado/2022.1/data/xhub/boards/XilinxBoardStore/boards/Xilinx/zcu111/1.4/board.xml as part xczu28dr-ffvg1517-2-e specified in board_part file is either invalid or not available
WARNING: [Board 49-26] cannot add Board Part xilinx.com:zcu1275:part0:1.0 available at /media/koops/VIVADO/Vivado/2022.1/data/xhub/boards/XilinxBoardStore/boards/Xilinx/zcu1275/1.0/board.xml as part xczu29dr-ffvf1760-2-e specified in board_part file is either invalid or not available
WARNING: [Board 49-26] cannot add Board Part xilinx.com:zcu1285:part0:1.0 available at /media/koops/VIVADO/Vivado/2022.1/data/xhub/boards/XilinxBoardStore/boards/Xilinx/zcu1285/1.0/board.xml as part xczu39dr-ffvf1760-2-i specified in board_part file is either invalid or not available
WARNING: [Board 49-26] cannot add Board Part xilinx.com:zcu208:part0:2.0 available at /media/koops/VIVADO/Vivado/2022.1/data/xhub/boards/XilinxBoardStore/boards/Xilinx/zcu208/production/2.0/board.xml as part xczu48dr-fsvg1517-2-e specified in board_part file is either invalid or not available
WARNING: [Board 49-26] cannot add Board Part xilinx.com:zcu208ld:part0:2.0 available at /media/koops/VIVADO/Vivado/2022.1/data/xhub/boards/XilinxBoardStore/boards/Xilinx/zcu208ld/production/2.0/board.xml as part xczu58dr-fsvg1517-2-i specified in board_part file is either invalid or not available
WARNING: [Board 49-26] cannot add Board Part xilinx.com:zcu216:part0:2.0 available at /media/koops/VIVADO/Vivado/2022.1/data/xhub/boards/XilinxBoardStore/boards/Xilinx/zcu216/production/2.0/board.xml as part xczu49dr-ffvf1760-2-e specified in board_part file is either invalid or not available
WARNING: [Board 49-26] cannot add Board Part xilinx.com:zcu216ld:part0:2.0 available at /media/koops/VIVADO/Vivado/2022.1/data/xhub/boards/XilinxBoardStore/boards/Xilinx/zcu216ld/production/2.0/board.xml as part xczu59dr-ffvf1760-2-i specified in board_part file is either invalid or not available
WARNING: [Board 49-26] cannot add Board Part xilinx.com:zcu670:part0:2.0 available at /media/koops/VIVADO/Vivado/2022.1/data/xhub/boards/XilinxBoardStore/boards/Xilinx/zcu670/2.0/board.xml as part xczu67dr-fsve1156-2-i specified in board_part file is either invalid or not available
WARNING: [Board 49-26] cannot add Board Part xilinx.com:zcu670ld:part0:1.0 available at /media/koops/VIVADO/Vivado/2022.1/data/xhub/boards/XilinxBoardStore/boards/Xilinx/zcu670ld/1.0/board.xml as part xczu57dr-fsve1156-2-i specified in board_part file is either invalid or not available
open_project /media/koops/VIVADO/huah_cubed_ip/huah_cubed_ip/huah_cubed_ip.xpr
Scanning sources...
Finished scanning sources
INFO: [IP_Flow 19-234] Refreshing IP repositories
INFO: [IP_Flow 19-1704] No user IP repositories specified
INFO: [IP_Flow 19-2313] Loaded Vivado IP repository '/media/koops/VIVADO/Vivado/2022.1/data/ip'.
open_project: Time (s): cpu = 00:00:25 ; elapsed = 00:00:07 . Memory (MB): peak = 7738.750 ; gain = 130.219 ; free physical = 1447 ; free virtual = 11795
update_compile_order -fileset sources_1
reset_run synth_1
INFO: [Project 1-1161] Replacing file /media/koops/VIVADO/huah_cubed_ip/huah_cubed_ip/huah_cubed_ip.srcs/utils_1/imports/synth_1/top_level.dcp with file /media/koops/VIVADO/huah_cubed_ip/huah_cubed_ip/huah_cubed_ip.runs/synth_1/top_level.dcp
launch_runs impl_1 -to_step write_bitstream -jobs 8
INFO: [Vivado 12-4149] The synthesis checkpoint for IP '/media/koops/VIVADO/huah_cubed_ip/huah_cubed_ip/huah_cubed_ip.srcs/sources_1/ip/floating_point_sub/floating_point_sub.xci' is already up-to-date
[Mon Dec 12 12:10:12 2022] Launched synth_1...
Run output will be captured here: /media/koops/VIVADO/huah_cubed_ip/huah_cubed_ip/huah_cubed_ip.runs/synth_1/runme.log
[Mon Dec 12 12:10:12 2022] Launched impl_1...
Run output will be captured here: /media/koops/VIVADO/huah_cubed_ip/huah_cubed_ip/huah_cubed_ip.runs/impl_1/runme.log
export_ip_user_files -of_objects  [get_files /media/koops/VIVADO/huah_cubed/src_monica/serial.sv] -no_script -reset -force -quiet
remove_files  /media/koops/VIVADO/huah_cubed/src_monica/serial.sv
add_files {/media/koops/VIVADO/huah_cubed/src_shreya/serial.sv /media/koops/VIVADO/huah_cubed/src_shreya/music_interface.sv}
update_compile_order -fileset sources_1
reset_run synth_1
INFO: [Project 1-1161] Replacing file /media/koops/VIVADO/huah_cubed_ip/huah_cubed_ip/huah_cubed_ip.srcs/utils_1/imports/synth_1/top_level.dcp with file /media/koops/VIVADO/huah_cubed_ip/huah_cubed_ip/huah_cubed_ip.runs/synth_1/top_level.dcp
launch_runs impl_1 -to_step write_bitstream -jobs 8
INFO: [Vivado 12-4149] The synthesis checkpoint for IP '/media/koops/VIVADO/huah_cubed_ip/huah_cubed_ip/huah_cubed_ip.srcs/sources_1/ip/floating_point_sub/floating_point_sub.xci' is already up-to-date
[Mon Dec 12 12:40:00 2022] Launched synth_1...
Run output will be captured here: /media/koops/VIVADO/huah_cubed_ip/huah_cubed_ip/huah_cubed_ip.runs/synth_1/runme.log
[Mon Dec 12 12:40:01 2022] Launched impl_1...
Run output will be captured here: /media/koops/VIVADO/huah_cubed_ip/huah_cubed_ip/huah_cubed_ip.runs/impl_1/runme.log
update_compile_order -fileset sources_1
update_compile_order -fileset sources_1
update_compile_order -fileset sources_1
reset_run synth_1
INFO: [Project 1-1161] Replacing file /media/koops/VIVADO/huah_cubed_ip/huah_cubed_ip/huah_cubed_ip.srcs/utils_1/imports/synth_1/top_level.dcp with file /media/koops/VIVADO/huah_cubed_ip/huah_cubed_ip/huah_cubed_ip.runs/synth_1/top_level.dcp
launch_runs impl_1 -to_step write_bitstream -jobs 8
INFO: [Vivado 12-4149] The synthesis checkpoint for IP '/media/koops/VIVADO/huah_cubed_ip/huah_cubed_ip/huah_cubed_ip.srcs/sources_1/ip/floating_point_sub/floating_point_sub.xci' is already up-to-date
[Mon Dec 12 13:14:36 2022] Launched synth_1...
Run output will be captured here: /media/koops/VIVADO/huah_cubed_ip/huah_cubed_ip/huah_cubed_ip.runs/synth_1/runme.log
[Mon Dec 12 13:14:37 2022] Launched impl_1...
Run output will be captured here: /media/koops/VIVADO/huah_cubed_ip/huah_cubed_ip/huah_cubed_ip.runs/impl_1/runme.log
reset_run synth_1
launch_runs impl_1 -to_step write_bitstream -jobs 8
INFO: [Vivado 12-4149] The synthesis checkpoint for IP '/media/koops/VIVADO/huah_cubed_ip/huah_cubed_ip/huah_cubed_ip.srcs/sources_1/ip/floating_point_sub/floating_point_sub.xci' is already up-to-date
[Mon Dec 12 13:16:17 2022] Launched synth_1...
Run output will be captured here: /media/koops/VIVADO/huah_cubed_ip/huah_cubed_ip/huah_cubed_ip.runs/synth_1/runme.log
[Mon Dec 12 13:16:18 2022] Launched impl_1...
Run output will be captured here: /media/koops/VIVADO/huah_cubed_ip/huah_cubed_ip/huah_cubed_ip.runs/impl_1/runme.log
reset_run synth_1
INFO: [Project 1-1161] Replacing file /media/koops/VIVADO/huah_cubed_ip/huah_cubed_ip/huah_cubed_ip.srcs/utils_1/imports/synth_1/top_level.dcp with file /media/koops/VIVADO/huah_cubed_ip/huah_cubed_ip/huah_cubed_ip.runs/synth_1/top_level.dcp
launch_runs impl_1 -to_step write_bitstream -jobs 8
INFO: [Vivado 12-4149] The synthesis checkpoint for IP '/media/koops/VIVADO/huah_cubed_ip/huah_cubed_ip/huah_cubed_ip.srcs/sources_1/ip/floating_point_sub/floating_point_sub.xci' is already up-to-date
[Mon Dec 12 13:53:04 2022] Launched synth_1...
Run output will be captured here: /media/koops/VIVADO/huah_cubed_ip/huah_cubed_ip/huah_cubed_ip.runs/synth_1/runme.log
[Mon Dec 12 13:53:04 2022] Launched impl_1...
Run output will be captured here: /media/koops/VIVADO/huah_cubed_ip/huah_cubed_ip/huah_cubed_ip.runs/impl_1/runme.log
exit
INFO: [Common 17-206] Exiting Vivado at Mon Dec 12 13:55:24 2022...
